Performing C++ SOURCE FILE Test CMAKE_HAVE_LIBC_PTHREAD failed with the following output:
Change Dir: /home/liu/zt_data_get_ws/build/fixposition_driver_ros1/CMakeFiles/CMakeTmp

Run Build Command(s):/usr/bin/make cmTC_cb0c9/fast && /usr/bin/make -f CMakeFiles/cmTC_cb0c9.dir/build.make CMakeFiles/cmTC_cb0c9.dir/build
make[1]: Entering directory '/home/liu/zt_data_get_ws/build/fixposition_driver_ros1/CMakeFiles/CMakeTmp'
Building CXX object CMakeFiles/cmTC_cb0c9.dir/src.cxx.o
/usr/bin/c++    -Wall -Wextra -Wpedantic    -Wshadow -Wunused-parameter -Wformat -Wpointer-arith -DCMAKE_HAVE_LIBC_PTHREAD   -o CMakeFiles/cmTC_cb0c9.dir/src.cxx.o -c /home/liu/zt_data_get_ws/build/fixposition_driver_ros1/CMakeFiles/CMakeTmp/src.cxx
Linking CXX executable cmTC_cb0c9
/usr/bin/cmake -E cmake_link_script CMakeFiles/cmTC_cb0c9.dir/link.txt --verbose=1
/usr/bin/c++   -Wall -Wextra -Wpedantic    -Wshadow -Wunused-parameter -Wformat -Wpointer-arith -DCMAKE_HAVE_LIBC_PTHREAD    CMakeFiles/cmTC_cb0c9.dir/src.cxx.o  -o cmTC_cb0c9 
/usr/bin/ld: CMakeFiles/cmTC_cb0c9.dir/src.cxx.o: in function `main':
src.cxx:(.text+0x48): undefined reference to `pthread_create'
/usr/bin/ld: src.cxx:(.text+0x50): undefined reference to `pthread_detach'
/usr/bin/ld: src.cxx:(.text+0x5c): undefined reference to `pthread_join'
collect2: error: ld returned 1 exit status
make[1]: *** [CMakeFiles/cmTC_cb0c9.dir/build.make:87: cmTC_cb0c9] Error 1
make[1]: Leaving directory '/home/liu/zt_data_get_ws/build/fixposition_driver_ros1/CMakeFiles/CMakeTmp'
make: *** [Makefile:121: cmTC_cb0c9/fast] Error 2


Source file was:
#include <pthread.h>

void* test_func(void* data)
{
  return data;
}

int main(void)
{
  pthread_t thread;
  pthread_create(&thread, NULL, test_func, NULL);
  pthread_detach(thread);
  pthread_join(thread, NULL);
  pthread_atfork(NULL, NULL, NULL);
  pthread_exit(NULL);

  return 0;
}

Determining if the function pthread_create exists in the pthreads failed with the following output:
Change Dir: /home/liu/zt_data_get_ws/build/fixposition_driver_ros1/CMakeFiles/CMakeTmp

Run Build Command(s):/usr/bin/make cmTC_383fb/fast && /usr/bin/make -f CMakeFiles/cmTC_383fb.dir/build.make CMakeFiles/cmTC_383fb.dir/build
make[1]: Entering directory '/home/liu/zt_data_get_ws/build/fixposition_driver_ros1/CMakeFiles/CMakeTmp'
Building CXX object CMakeFiles/cmTC_383fb.dir/CheckFunctionExists.cxx.o
/usr/bin/c++    -Wall -Wextra -Wpedantic    -Wshadow -Wunused-parameter -Wformat -Wpointer-arith -DCHECK_FUNCTION_EXISTS=pthread_create   -o CMakeFiles/cmTC_383fb.dir/CheckFunctionExists.cxx.o -c /home/liu/zt_data_get_ws/build/fixposition_driver_ros1/CMakeFiles/CheckLibraryExists/CheckFunctionExists.cxx
Linking CXX executable cmTC_383fb
/usr/bin/cmake -E cmake_link_script CMakeFiles/cmTC_383fb.dir/link.txt --verbose=1
/usr/bin/c++   -Wall -Wextra -Wpedantic    -Wshadow -Wunused-parameter -Wformat -Wpointer-arith -DCHECK_FUNCTION_EXISTS=pthread_create    CMakeFiles/cmTC_383fb.dir/CheckFunctionExists.cxx.o  -o cmTC_383fb  -lpthreads 
/usr/bin/ld: cannot find -lpthreads
collect2: error: ld returned 1 exit status
make[1]: *** [CMakeFiles/cmTC_383fb.dir/build.make:87: cmTC_383fb] Error 1
make[1]: Leaving directory '/home/liu/zt_data_get_ws/build/fixposition_driver_ros1/CMakeFiles/CMakeTmp'
make: *** [Makefile:121: cmTC_383fb/fast] Error 2



