Performing C++ SOURCE FILE Test CMAKE_HAVE_LIBC_PTHREAD failed with the following output:
Change Dir: /home/liu/zt_data_get_ws/build/fixposition_gnss_tf/CMakeFiles/CMakeTmp

Run Build Command(s):/usr/bin/make cmTC_b65dc/fast && /usr/bin/make -f CMakeFiles/cmTC_b65dc.dir/build.make CMakeFiles/cmTC_b65dc.dir/build
make[1]: Entering directory '/home/liu/zt_data_get_ws/build/fixposition_gnss_tf/CMakeFiles/CMakeTmp'
Building CXX object CMakeFiles/cmTC_b65dc.dir/src.cxx.o
/usr/bin/c++    -fdiagnostics-color=always -Wall -Wextra -Wpedantic -Wno-unused-parameter -DCMAKE_HAVE_LIBC_PTHREAD   -o CMakeFiles/cmTC_b65dc.dir/src.cxx.o -c /home/liu/zt_data_get_ws/build/fixposition_gnss_tf/CMakeFiles/CMakeTmp/src.cxx
Linking CXX executable cmTC_b65dc
/usr/bin/cmake -E cmake_link_script CMakeFiles/cmTC_b65dc.dir/link.txt --verbose=1
/usr/bin/c++   -fdiagnostics-color=always -Wall -Wextra -Wpedantic -Wno-unused-parameter -DCMAKE_HAVE_LIBC_PTHREAD    CMakeFiles/cmTC_b65dc.dir/src.cxx.o  -o cmTC_b65dc 
/usr/bin/ld: CMakeFiles/cmTC_b65dc.dir/src.cxx.o: in function `main':
src.cxx:(.text+0x48): undefined reference to `pthread_create'
/usr/bin/ld: src.cxx:(.text+0x50): undefined reference to `pthread_detach'
/usr/bin/ld: src.cxx:(.text+0x5c): undefined reference to `pthread_join'
collect2: error: ld returned 1 exit status
make[1]: *** [CMakeFiles/cmTC_b65dc.dir/build.make:87: cmTC_b65dc] Error 1
make[1]: Leaving directory '/home/liu/zt_data_get_ws/build/fixposition_gnss_tf/CMakeFiles/CMakeTmp'
make: *** [Makefile:121: cmTC_b65dc/fast] Error 2


Source file was:
#include <pthread.h>

void* test_func(void* data)
{
  return data;
}

int main(void)
{
  pthread_t thread;
  pthread_create(&thread, NULL, test_func, NULL);
  pthread_detach(thread);
  pthread_join(thread, NULL);
  pthread_atfork(NULL, NULL, NULL);
  pthread_exit(NULL);

  return 0;
}

