Symlinking /home/liu/zt_data_get_ws/devel/share/fixposition_driver_ros1/cmake/fixposition_driver_ros1Config-version.cmake
Symlinking /home/liu/zt_data_get_ws/devel/share/fixposition_driver_ros1/cmake/fixposition_driver_ros1-msg-extras.cmake
Symlinking /home/liu/zt_data_get_ws/devel/share/fixposition_driver_ros1/cmake/fixposition_driver_ros1-msg-paths.cmake
Symlinking /home/liu/zt_data_get_ws/devel/share/fixposition_driver_ros1/cmake/fixposition_driver_ros1Config.cmake
Symlinking /home/liu/zt_data_get_ws/devel/share/common-lisp/ros/fixposition_driver_ros1/msg/_package_gprmc.lisp
Symlinking /home/liu/zt_data_get_ws/devel/share/common-lisp/ros/fixposition_driver_ros1/msg/_package_imubias.lisp
Symlinking /home/liu/zt_data_get_ws/devel/share/common-lisp/ros/fixposition_driver_ros1/msg/gpvtg.lisp
Symlinking /home/liu/zt_data_get_ws/devel/share/common-lisp/ros/fixposition_driver_ros1/msg/_package_text.lisp
Symlinking /home/liu/zt_data_get_ws/devel/share/common-lisp/ros/fixposition_driver_ros1/msg/CovWarn.lisp
Symlinking /home/liu/zt_data_get_ws/devel/share/common-lisp/ros/fixposition_driver_ros1/msg/_package_gpgll.lisp
Symlinking /home/liu/zt_data_get_ws/devel/share/common-lisp/ros/fixposition_driver_ros1/msg/imubias.lisp
Symlinking /home/liu/zt_data_get_ws/devel/share/common-lisp/ros/fixposition_driver_ros1/msg/gxgsv.lisp
Symlinking /home/liu/zt_data_get_ws/devel/share/common-lisp/ros/fixposition_driver_ros1/msg/GnssSats.lisp
Symlinking /home/liu/zt_data_get_ws/devel/share/common-lisp/ros/fixposition_driver_ros1/msg/fixposition_driver_ros1-msg.asd
Symlinking /home/liu/zt_data_get_ws/devel/share/common-lisp/ros/fixposition_driver_ros1/msg/odomsh.lisp
Symlinking /home/liu/zt_data_get_ws/devel/share/common-lisp/ros/fixposition_driver_ros1/msg/_package_gngsa.lisp
Symlinking /home/liu/zt_data_get_ws/devel/share/common-lisp/ros/fixposition_driver_ros1/msg/_package_gpvtg.lisp
Symlinking /home/liu/zt_data_get_ws/devel/share/common-lisp/ros/fixposition_driver_ros1/msg/_package_gpgga.lisp
Symlinking /home/liu/zt_data_get_ws/devel/share/common-lisp/ros/fixposition_driver_ros1/msg/_package_odomsh.lisp
Symlinking /home/liu/zt_data_get_ws/devel/share/common-lisp/ros/fixposition_driver_ros1/msg/gnssant.lisp
Symlinking /home/liu/zt_data_get_ws/devel/share/common-lisp/ros/fixposition_driver_ros1/msg/_package_llh.lisp
Symlinking /home/liu/zt_data_get_ws/devel/share/common-lisp/ros/fixposition_driver_ros1/msg/_package_gxgsv.lisp
Symlinking /home/liu/zt_data_get_ws/devel/share/common-lisp/ros/fixposition_driver_ros1/msg/tp.lisp
Symlinking /home/liu/zt_data_get_ws/devel/share/common-lisp/ros/fixposition_driver_ros1/msg/_package_eoe.lisp
Symlinking /home/liu/zt_data_get_ws/devel/share/common-lisp/ros/fixposition_driver_ros1/msg/gphdt.lisp
Symlinking /home/liu/zt_data_get_ws/devel/share/common-lisp/ros/fixposition_driver_ros1/msg/_package_tp.lisp
Symlinking /home/liu/zt_data_get_ws/devel/share/common-lisp/ros/fixposition_driver_ros1/msg/_package_GnssSats.lisp
Symlinking /home/liu/zt_data_get_ws/devel/share/common-lisp/ros/fixposition_driver_ros1/msg/gpzda.lisp
Symlinking /home/liu/zt_data_get_ws/devel/share/common-lisp/ros/fixposition_driver_ros1/msg/odometry.lisp
Symlinking /home/liu/zt_data_get_ws/devel/share/common-lisp/ros/fixposition_driver_ros1/msg/_package_odomenu.lisp
Symlinking /home/liu/zt_data_get_ws/devel/share/common-lisp/ros/fixposition_driver_ros1/msg/odomenu.lisp
Symlinking /home/liu/zt_data_get_ws/devel/share/common-lisp/ros/fixposition_driver_ros1/msg/gnsscorr.lisp
Symlinking /home/liu/zt_data_get_ws/devel/share/common-lisp/ros/fixposition_driver_ros1/msg/gpgll.lisp
Symlinking /home/liu/zt_data_get_ws/devel/share/common-lisp/ros/fixposition_driver_ros1/msg/gngsa.lisp
Symlinking /home/liu/zt_data_get_ws/devel/share/common-lisp/ros/fixposition_driver_ros1/msg/odomstatus.lisp
Symlinking /home/liu/zt_data_get_ws/devel/share/common-lisp/ros/fixposition_driver_ros1/msg/_package_gnsscorr.lisp
Symlinking /home/liu/zt_data_get_ws/devel/share/common-lisp/ros/fixposition_driver_ros1/msg/_package_Speed.lisp
Symlinking /home/liu/zt_data_get_ws/devel/share/common-lisp/ros/fixposition_driver_ros1/msg/_package.lisp
Symlinking /home/liu/zt_data_get_ws/devel/share/common-lisp/ros/fixposition_driver_ros1/msg/_package_gpgst.lisp
Symlinking /home/liu/zt_data_get_ws/devel/share/common-lisp/ros/fixposition_driver_ros1/msg/llh.lisp
Symlinking /home/liu/zt_data_get_ws/devel/share/common-lisp/ros/fixposition_driver_ros1/msg/gpgst.lisp
Symlinking /home/liu/zt_data_get_ws/devel/share/common-lisp/ros/fixposition_driver_ros1/msg/WheelSensor.lisp
Symlinking /home/liu/zt_data_get_ws/devel/share/common-lisp/ros/fixposition_driver_ros1/msg/_package_gpzda.lisp
Symlinking /home/liu/zt_data_get_ws/devel/share/common-lisp/ros/fixposition_driver_ros1/msg/_package_CovWarn.lisp
Symlinking /home/liu/zt_data_get_ws/devel/share/common-lisp/ros/fixposition_driver_ros1/msg/_package_NMEA.lisp
Symlinking /home/liu/zt_data_get_ws/devel/share/common-lisp/ros/fixposition_driver_ros1/msg/_package_gnssant.lisp
Symlinking /home/liu/zt_data_get_ws/devel/share/common-lisp/ros/fixposition_driver_ros1/msg/_package_WheelSensor.lisp
Symlinking /home/liu/zt_data_get_ws/devel/share/common-lisp/ros/fixposition_driver_ros1/msg/text.lisp
Symlinking /home/liu/zt_data_get_ws/devel/share/common-lisp/ros/fixposition_driver_ros1/msg/_package_odomstatus.lisp
Symlinking /home/liu/zt_data_get_ws/devel/share/common-lisp/ros/fixposition_driver_ros1/msg/eoe.lisp
Symlinking /home/liu/zt_data_get_ws/devel/share/common-lisp/ros/fixposition_driver_ros1/msg/Speed.lisp
Symlinking /home/liu/zt_data_get_ws/devel/share/common-lisp/ros/fixposition_driver_ros1/msg/gpgga.lisp
Symlinking /home/liu/zt_data_get_ws/devel/share/common-lisp/ros/fixposition_driver_ros1/msg/_package_gphdt.lisp
Symlinking /home/liu/zt_data_get_ws/devel/share/common-lisp/ros/fixposition_driver_ros1/msg/gprmc.lisp
Symlinking /home/liu/zt_data_get_ws/devel/share/common-lisp/ros/fixposition_driver_ros1/msg/_package_odometry.lisp
Symlinking /home/liu/zt_data_get_ws/devel/share/common-lisp/ros/fixposition_driver_ros1/msg/NMEA.lisp
Symlinking /home/liu/zt_data_get_ws/devel/share/roseus/ros/fixposition_driver_ros1/manifest.l
Symlinking /home/liu/zt_data_get_ws/devel/share/roseus/ros/fixposition_driver_ros1/msg/gpgga.l
Symlinking /home/liu/zt_data_get_ws/devel/share/roseus/ros/fixposition_driver_ros1/msg/imubias.l
Symlinking /home/liu/zt_data_get_ws/devel/share/roseus/ros/fixposition_driver_ros1/msg/odomenu.l
Symlinking /home/liu/zt_data_get_ws/devel/share/roseus/ros/fixposition_driver_ros1/msg/CovWarn.l
Symlinking /home/liu/zt_data_get_ws/devel/share/roseus/ros/fixposition_driver_ros1/msg/gngsa.l
Symlinking /home/liu/zt_data_get_ws/devel/share/roseus/ros/fixposition_driver_ros1/msg/tp.l
Symlinking /home/liu/zt_data_get_ws/devel/share/roseus/ros/fixposition_driver_ros1/msg/gprmc.l
Symlinking /home/liu/zt_data_get_ws/devel/share/roseus/ros/fixposition_driver_ros1/msg/llh.l
Symlinking /home/liu/zt_data_get_ws/devel/share/roseus/ros/fixposition_driver_ros1/msg/gnssant.l
Symlinking /home/liu/zt_data_get_ws/devel/share/roseus/ros/fixposition_driver_ros1/msg/gxgsv.l
Symlinking /home/liu/zt_data_get_ws/devel/share/roseus/ros/fixposition_driver_ros1/msg/gpgst.l
Symlinking /home/liu/zt_data_get_ws/devel/share/roseus/ros/fixposition_driver_ros1/msg/gphdt.l
Symlinking /home/liu/zt_data_get_ws/devel/share/roseus/ros/fixposition_driver_ros1/msg/NMEA.l
Symlinking /home/liu/zt_data_get_ws/devel/share/roseus/ros/fixposition_driver_ros1/msg/gpvtg.l
Symlinking /home/liu/zt_data_get_ws/devel/share/roseus/ros/fixposition_driver_ros1/msg/odometry.l
Symlinking /home/liu/zt_data_get_ws/devel/share/roseus/ros/fixposition_driver_ros1/msg/text.l
Symlinking /home/liu/zt_data_get_ws/devel/share/roseus/ros/fixposition_driver_ros1/msg/WheelSensor.l
Symlinking /home/liu/zt_data_get_ws/devel/share/roseus/ros/fixposition_driver_ros1/msg/Speed.l
Symlinking /home/liu/zt_data_get_ws/devel/share/roseus/ros/fixposition_driver_ros1/msg/gnsscorr.l
Symlinking /home/liu/zt_data_get_ws/devel/share/roseus/ros/fixposition_driver_ros1/msg/eoe.l
Symlinking /home/liu/zt_data_get_ws/devel/share/roseus/ros/fixposition_driver_ros1/msg/gpzda.l
Symlinking /home/liu/zt_data_get_ws/devel/share/roseus/ros/fixposition_driver_ros1/msg/odomsh.l
Symlinking /home/liu/zt_data_get_ws/devel/share/roseus/ros/fixposition_driver_ros1/msg/odomstatus.l
Symlinking /home/liu/zt_data_get_ws/devel/share/roseus/ros/fixposition_driver_ros1/msg/GnssSats.l
Symlinking /home/liu/zt_data_get_ws/devel/share/roseus/ros/fixposition_driver_ros1/msg/gpgll.l
Symlinking /home/liu/zt_data_get_ws/devel/share/gennodejs/ros/fixposition_driver_ros1/_index.js
Symlinking /home/liu/zt_data_get_ws/devel/share/gennodejs/ros/fixposition_driver_ros1/msg/gnssant.js
Symlinking /home/liu/zt_data_get_ws/devel/share/gennodejs/ros/fixposition_driver_ros1/msg/imubias.js
Symlinking /home/liu/zt_data_get_ws/devel/share/gennodejs/ros/fixposition_driver_ros1/msg/odomenu.js
Symlinking /home/liu/zt_data_get_ws/devel/share/gennodejs/ros/fixposition_driver_ros1/msg/tp.js
Symlinking /home/liu/zt_data_get_ws/devel/share/gennodejs/ros/fixposition_driver_ros1/msg/odometry.js
Symlinking /home/liu/zt_data_get_ws/devel/share/gennodejs/ros/fixposition_driver_ros1/msg/gprmc.js
Symlinking /home/liu/zt_data_get_ws/devel/share/gennodejs/ros/fixposition_driver_ros1/msg/gpzda.js
Symlinking /home/liu/zt_data_get_ws/devel/share/gennodejs/ros/fixposition_driver_ros1/msg/gngsa.js
Symlinking /home/liu/zt_data_get_ws/devel/share/gennodejs/ros/fixposition_driver_ros1/msg/gpgst.js
Symlinking /home/liu/zt_data_get_ws/devel/share/gennodejs/ros/fixposition_driver_ros1/msg/gpgll.js
Symlinking /home/liu/zt_data_get_ws/devel/share/gennodejs/ros/fixposition_driver_ros1/msg/gpgga.js
Symlinking /home/liu/zt_data_get_ws/devel/share/gennodejs/ros/fixposition_driver_ros1/msg/gxgsv.js
Symlinking /home/liu/zt_data_get_ws/devel/share/gennodejs/ros/fixposition_driver_ros1/msg/WheelSensor.js
Symlinking /home/liu/zt_data_get_ws/devel/share/gennodejs/ros/fixposition_driver_ros1/msg/gphdt.js
Symlinking /home/liu/zt_data_get_ws/devel/share/gennodejs/ros/fixposition_driver_ros1/msg/gpvtg.js
Symlinking /home/liu/zt_data_get_ws/devel/share/gennodejs/ros/fixposition_driver_ros1/msg/_index.js
Symlinking /home/liu/zt_data_get_ws/devel/share/gennodejs/ros/fixposition_driver_ros1/msg/NMEA.js
Symlinking /home/liu/zt_data_get_ws/devel/share/gennodejs/ros/fixposition_driver_ros1/msg/eoe.js
Symlinking /home/liu/zt_data_get_ws/devel/share/gennodejs/ros/fixposition_driver_ros1/msg/GnssSats.js
Symlinking /home/liu/zt_data_get_ws/devel/share/gennodejs/ros/fixposition_driver_ros1/msg/CovWarn.js
Symlinking /home/liu/zt_data_get_ws/devel/share/gennodejs/ros/fixposition_driver_ros1/msg/odomstatus.js
Symlinking /home/liu/zt_data_get_ws/devel/share/gennodejs/ros/fixposition_driver_ros1/msg/gnsscorr.js
Symlinking /home/liu/zt_data_get_ws/devel/share/gennodejs/ros/fixposition_driver_ros1/msg/odomsh.js
Symlinking /home/liu/zt_data_get_ws/devel/share/gennodejs/ros/fixposition_driver_ros1/msg/Speed.js
Symlinking /home/liu/zt_data_get_ws/devel/share/gennodejs/ros/fixposition_driver_ros1/msg/text.js
Symlinking /home/liu/zt_data_get_ws/devel/share/gennodejs/ros/fixposition_driver_ros1/msg/llh.js
Symlinking /home/liu/zt_data_get_ws/devel/lib/python3/dist-packages/fixposition_driver_ros1/__init__.py
Symlinking /home/liu/zt_data_get_ws/devel/lib/python3/dist-packages/fixposition_driver_ros1/msg/_odomsh.py
Symlinking /home/liu/zt_data_get_ws/devel/lib/python3/dist-packages/fixposition_driver_ros1/msg/_tp.py
Symlinking /home/liu/zt_data_get_ws/devel/lib/python3/dist-packages/fixposition_driver_ros1/msg/_imubias.py
Symlinking /home/liu/zt_data_get_ws/devel/lib/python3/dist-packages/fixposition_driver_ros1/msg/_gprmc.py
Symlinking /home/liu/zt_data_get_ws/devel/lib/python3/dist-packages/fixposition_driver_ros1/msg/_WheelSensor.py
Symlinking /home/liu/zt_data_get_ws/devel/lib/python3/dist-packages/fixposition_driver_ros1/msg/_gphdt.py
Symlinking /home/liu/zt_data_get_ws/devel/lib/python3/dist-packages/fixposition_driver_ros1/msg/_gpzda.py
Symlinking /home/liu/zt_data_get_ws/devel/lib/python3/dist-packages/fixposition_driver_ros1/msg/__init__.py
Symlinking /home/liu/zt_data_get_ws/devel/lib/python3/dist-packages/fixposition_driver_ros1/msg/_gpgga.py
Symlinking /home/liu/zt_data_get_ws/devel/lib/python3/dist-packages/fixposition_driver_ros1/msg/_odomenu.py
Symlinking /home/liu/zt_data_get_ws/devel/lib/python3/dist-packages/fixposition_driver_ros1/msg/_gpgll.py
Symlinking /home/liu/zt_data_get_ws/devel/lib/python3/dist-packages/fixposition_driver_ros1/msg/_gngsa.py
Symlinking /home/liu/zt_data_get_ws/devel/lib/python3/dist-packages/fixposition_driver_ros1/msg/_llh.py
Symlinking /home/liu/zt_data_get_ws/devel/lib/python3/dist-packages/fixposition_driver_ros1/msg/_NMEA.py
Symlinking /home/liu/zt_data_get_ws/devel/lib/python3/dist-packages/fixposition_driver_ros1/msg/_gnssant.py
Symlinking /home/liu/zt_data_get_ws/devel/lib/python3/dist-packages/fixposition_driver_ros1/msg/_eoe.py
Symlinking /home/liu/zt_data_get_ws/devel/lib/python3/dist-packages/fixposition_driver_ros1/msg/_GnssSats.py
Symlinking /home/liu/zt_data_get_ws/devel/lib/python3/dist-packages/fixposition_driver_ros1/msg/_gnsscorr.py
Symlinking /home/liu/zt_data_get_ws/devel/lib/python3/dist-packages/fixposition_driver_ros1/msg/_CovWarn.py
Symlinking /home/liu/zt_data_get_ws/devel/lib/python3/dist-packages/fixposition_driver_ros1/msg/_odometry.py
Symlinking /home/liu/zt_data_get_ws/devel/lib/python3/dist-packages/fixposition_driver_ros1/msg/_gpvtg.py
Symlinking /home/liu/zt_data_get_ws/devel/lib/python3/dist-packages/fixposition_driver_ros1/msg/_Speed.py
Symlinking /home/liu/zt_data_get_ws/devel/lib/python3/dist-packages/fixposition_driver_ros1/msg/_text.py
Symlinking /home/liu/zt_data_get_ws/devel/lib/python3/dist-packages/fixposition_driver_ros1/msg/_odomstatus.py
Symlinking /home/liu/zt_data_get_ws/devel/lib/python3/dist-packages/fixposition_driver_ros1/msg/_gxgsv.py
Symlinking /home/liu/zt_data_get_ws/devel/lib/python3/dist-packages/fixposition_driver_ros1/msg/_gpgst.py
Symlinking /home/liu/zt_data_get_ws/devel/lib/pkgconfig/fixposition_driver_ros1.pc
Symlinking /home/liu/zt_data_get_ws/devel/lib/fixposition_driver_ros1/fixposition_driver_ros1
Symlinking /home/liu/zt_data_get_ws/devel/include/fixposition_driver_ros1/NMEA.h
Symlinking /home/liu/zt_data_get_ws/devel/include/fixposition_driver_ros1/gpgll.h
Symlinking /home/liu/zt_data_get_ws/devel/include/fixposition_driver_ros1/llh.h
Symlinking /home/liu/zt_data_get_ws/devel/include/fixposition_driver_ros1/text.h
Symlinking /home/liu/zt_data_get_ws/devel/include/fixposition_driver_ros1/GnssSats.h
Symlinking /home/liu/zt_data_get_ws/devel/include/fixposition_driver_ros1/gngsa.h
Symlinking /home/liu/zt_data_get_ws/devel/include/fixposition_driver_ros1/gpzda.h
Symlinking /home/liu/zt_data_get_ws/devel/include/fixposition_driver_ros1/gpgst.h
Symlinking /home/liu/zt_data_get_ws/devel/include/fixposition_driver_ros1/CovWarn.h
Symlinking /home/liu/zt_data_get_ws/devel/include/fixposition_driver_ros1/gnssant.h
Symlinking /home/liu/zt_data_get_ws/devel/include/fixposition_driver_ros1/gphdt.h
Symlinking /home/liu/zt_data_get_ws/devel/include/fixposition_driver_ros1/odometry.h
Symlinking /home/liu/zt_data_get_ws/devel/include/fixposition_driver_ros1/gpvtg.h
Symlinking /home/liu/zt_data_get_ws/devel/include/fixposition_driver_ros1/odomsh.h
Symlinking /home/liu/zt_data_get_ws/devel/include/fixposition_driver_ros1/tp.h
Symlinking /home/liu/zt_data_get_ws/devel/include/fixposition_driver_ros1/gprmc.h
Symlinking /home/liu/zt_data_get_ws/devel/include/fixposition_driver_ros1/eoe.h
Symlinking /home/liu/zt_data_get_ws/devel/include/fixposition_driver_ros1/WheelSensor.h
Symlinking /home/liu/zt_data_get_ws/devel/include/fixposition_driver_ros1/gpgga.h
Symlinking /home/liu/zt_data_get_ws/devel/include/fixposition_driver_ros1/imubias.h
Symlinking /home/liu/zt_data_get_ws/devel/include/fixposition_driver_ros1/gnsscorr.h
Symlinking /home/liu/zt_data_get_ws/devel/include/fixposition_driver_ros1/Speed.h
Symlinking /home/liu/zt_data_get_ws/devel/include/fixposition_driver_ros1/odomenu.h
Symlinking /home/liu/zt_data_get_ws/devel/include/fixposition_driver_ros1/gxgsv.h
Symlinking /home/liu/zt_data_get_ws/devel/include/fixposition_driver_ros1/odomstatus.h
