Linked: (/home/liu/zt_data_get_ws/devel/.private/fixposition_driver_ros1/share/fixposition_driver_ros1/cmake/fixposition_driver_ros1Config-version.cmake, /home/liu/zt_data_get_ws/devel/share/fixposition_driver_ros1/cmake/fixposition_driver_ros1Config-version.cmake)
Linked: (/home/liu/zt_data_get_ws/devel/.private/fixposition_driver_ros1/share/fixposition_driver_ros1/cmake/fixposition_driver_ros1-msg-extras.cmake, /home/liu/zt_data_get_ws/devel/share/fixposition_driver_ros1/cmake/fixposition_driver_ros1-msg-extras.cmake)
Linked: (/home/liu/zt_data_get_ws/devel/.private/fixposition_driver_ros1/share/fixposition_driver_ros1/cmake/fixposition_driver_ros1-msg-paths.cmake, /home/liu/zt_data_get_ws/devel/share/fixposition_driver_ros1/cmake/fixposition_driver_ros1-msg-paths.cmake)
Linked: (/home/liu/zt_data_get_ws/devel/.private/fixposition_driver_ros1/share/fixposition_driver_ros1/cmake/fixposition_driver_ros1Config.cmake, /home/liu/zt_data_get_ws/devel/share/fixposition_driver_ros1/cmake/fixposition_driver_ros1Config.cmake)
Linked: (/home/liu/zt_data_get_ws/devel/.private/fixposition_driver_ros1/share/common-lisp/ros/fixposition_driver_ros1/msg/_package_gprmc.lisp, /home/liu/zt_data_get_ws/devel/share/common-lisp/ros/fixposition_driver_ros1/msg/_package_gprmc.lisp)
Linked: (/home/liu/zt_data_get_ws/devel/.private/fixposition_driver_ros1/share/common-lisp/ros/fixposition_driver_ros1/msg/_package_imubias.lisp, /home/liu/zt_data_get_ws/devel/share/common-lisp/ros/fixposition_driver_ros1/msg/_package_imubias.lisp)
Linked: (/home/liu/zt_data_get_ws/devel/.private/fixposition_driver_ros1/share/common-lisp/ros/fixposition_driver_ros1/msg/gpvtg.lisp, /home/liu/zt_data_get_ws/devel/share/common-lisp/ros/fixposition_driver_ros1/msg/gpvtg.lisp)
Linked: (/home/liu/zt_data_get_ws/devel/.private/fixposition_driver_ros1/share/common-lisp/ros/fixposition_driver_ros1/msg/_package_text.lisp, /home/liu/zt_data_get_ws/devel/share/common-lisp/ros/fixposition_driver_ros1/msg/_package_text.lisp)
Linked: (/home/liu/zt_data_get_ws/devel/.private/fixposition_driver_ros1/share/common-lisp/ros/fixposition_driver_ros1/msg/CovWarn.lisp, /home/liu/zt_data_get_ws/devel/share/common-lisp/ros/fixposition_driver_ros1/msg/CovWarn.lisp)
Linked: (/home/liu/zt_data_get_ws/devel/.private/fixposition_driver_ros1/share/common-lisp/ros/fixposition_driver_ros1/msg/_package_gpgll.lisp, /home/liu/zt_data_get_ws/devel/share/common-lisp/ros/fixposition_driver_ros1/msg/_package_gpgll.lisp)
Linked: (/home/liu/zt_data_get_ws/devel/.private/fixposition_driver_ros1/share/common-lisp/ros/fixposition_driver_ros1/msg/imubias.lisp, /home/liu/zt_data_get_ws/devel/share/common-lisp/ros/fixposition_driver_ros1/msg/imubias.lisp)
Linked: (/home/liu/zt_data_get_ws/devel/.private/fixposition_driver_ros1/share/common-lisp/ros/fixposition_driver_ros1/msg/gxgsv.lisp, /home/liu/zt_data_get_ws/devel/share/common-lisp/ros/fixposition_driver_ros1/msg/gxgsv.lisp)
Linked: (/home/liu/zt_data_get_ws/devel/.private/fixposition_driver_ros1/share/common-lisp/ros/fixposition_driver_ros1/msg/GnssSats.lisp, /home/liu/zt_data_get_ws/devel/share/common-lisp/ros/fixposition_driver_ros1/msg/GnssSats.lisp)
Linked: (/home/liu/zt_data_get_ws/devel/.private/fixposition_driver_ros1/share/common-lisp/ros/fixposition_driver_ros1/msg/fixposition_driver_ros1-msg.asd, /home/liu/zt_data_get_ws/devel/share/common-lisp/ros/fixposition_driver_ros1/msg/fixposition_driver_ros1-msg.asd)
Linked: (/home/liu/zt_data_get_ws/devel/.private/fixposition_driver_ros1/share/common-lisp/ros/fixposition_driver_ros1/msg/odomsh.lisp, /home/liu/zt_data_get_ws/devel/share/common-lisp/ros/fixposition_driver_ros1/msg/odomsh.lisp)
Linked: (/home/liu/zt_data_get_ws/devel/.private/fixposition_driver_ros1/share/common-lisp/ros/fixposition_driver_ros1/msg/_package_gngsa.lisp, /home/liu/zt_data_get_ws/devel/share/common-lisp/ros/fixposition_driver_ros1/msg/_package_gngsa.lisp)
Linked: (/home/liu/zt_data_get_ws/devel/.private/fixposition_driver_ros1/share/common-lisp/ros/fixposition_driver_ros1/msg/_package_gpvtg.lisp, /home/liu/zt_data_get_ws/devel/share/common-lisp/ros/fixposition_driver_ros1/msg/_package_gpvtg.lisp)
Linked: (/home/liu/zt_data_get_ws/devel/.private/fixposition_driver_ros1/share/common-lisp/ros/fixposition_driver_ros1/msg/_package_gpgga.lisp, /home/liu/zt_data_get_ws/devel/share/common-lisp/ros/fixposition_driver_ros1/msg/_package_gpgga.lisp)
Linked: (/home/liu/zt_data_get_ws/devel/.private/fixposition_driver_ros1/share/common-lisp/ros/fixposition_driver_ros1/msg/_package_odomsh.lisp, /home/liu/zt_data_get_ws/devel/share/common-lisp/ros/fixposition_driver_ros1/msg/_package_odomsh.lisp)
Linked: (/home/liu/zt_data_get_ws/devel/.private/fixposition_driver_ros1/share/common-lisp/ros/fixposition_driver_ros1/msg/gnssant.lisp, /home/liu/zt_data_get_ws/devel/share/common-lisp/ros/fixposition_driver_ros1/msg/gnssant.lisp)
Linked: (/home/liu/zt_data_get_ws/devel/.private/fixposition_driver_ros1/share/common-lisp/ros/fixposition_driver_ros1/msg/_package_llh.lisp, /home/liu/zt_data_get_ws/devel/share/common-lisp/ros/fixposition_driver_ros1/msg/_package_llh.lisp)
Linked: (/home/liu/zt_data_get_ws/devel/.private/fixposition_driver_ros1/share/common-lisp/ros/fixposition_driver_ros1/msg/_package_gxgsv.lisp, /home/liu/zt_data_get_ws/devel/share/common-lisp/ros/fixposition_driver_ros1/msg/_package_gxgsv.lisp)
Linked: (/home/liu/zt_data_get_ws/devel/.private/fixposition_driver_ros1/share/common-lisp/ros/fixposition_driver_ros1/msg/tp.lisp, /home/liu/zt_data_get_ws/devel/share/common-lisp/ros/fixposition_driver_ros1/msg/tp.lisp)
Linked: (/home/liu/zt_data_get_ws/devel/.private/fixposition_driver_ros1/share/common-lisp/ros/fixposition_driver_ros1/msg/_package_eoe.lisp, /home/liu/zt_data_get_ws/devel/share/common-lisp/ros/fixposition_driver_ros1/msg/_package_eoe.lisp)
Linked: (/home/liu/zt_data_get_ws/devel/.private/fixposition_driver_ros1/share/common-lisp/ros/fixposition_driver_ros1/msg/gphdt.lisp, /home/liu/zt_data_get_ws/devel/share/common-lisp/ros/fixposition_driver_ros1/msg/gphdt.lisp)
Linked: (/home/liu/zt_data_get_ws/devel/.private/fixposition_driver_ros1/share/common-lisp/ros/fixposition_driver_ros1/msg/_package_tp.lisp, /home/liu/zt_data_get_ws/devel/share/common-lisp/ros/fixposition_driver_ros1/msg/_package_tp.lisp)
Linked: (/home/liu/zt_data_get_ws/devel/.private/fixposition_driver_ros1/share/common-lisp/ros/fixposition_driver_ros1/msg/_package_GnssSats.lisp, /home/liu/zt_data_get_ws/devel/share/common-lisp/ros/fixposition_driver_ros1/msg/_package_GnssSats.lisp)
Linked: (/home/liu/zt_data_get_ws/devel/.private/fixposition_driver_ros1/share/common-lisp/ros/fixposition_driver_ros1/msg/gpzda.lisp, /home/liu/zt_data_get_ws/devel/share/common-lisp/ros/fixposition_driver_ros1/msg/gpzda.lisp)
Linked: (/home/liu/zt_data_get_ws/devel/.private/fixposition_driver_ros1/share/common-lisp/ros/fixposition_driver_ros1/msg/odometry.lisp, /home/liu/zt_data_get_ws/devel/share/common-lisp/ros/fixposition_driver_ros1/msg/odometry.lisp)
Linked: (/home/liu/zt_data_get_ws/devel/.private/fixposition_driver_ros1/share/common-lisp/ros/fixposition_driver_ros1/msg/_package_odomenu.lisp, /home/liu/zt_data_get_ws/devel/share/common-lisp/ros/fixposition_driver_ros1/msg/_package_odomenu.lisp)
Linked: (/home/liu/zt_data_get_ws/devel/.private/fixposition_driver_ros1/share/common-lisp/ros/fixposition_driver_ros1/msg/odomenu.lisp, /home/liu/zt_data_get_ws/devel/share/common-lisp/ros/fixposition_driver_ros1/msg/odomenu.lisp)
Linked: (/home/liu/zt_data_get_ws/devel/.private/fixposition_driver_ros1/share/common-lisp/ros/fixposition_driver_ros1/msg/gnsscorr.lisp, /home/liu/zt_data_get_ws/devel/share/common-lisp/ros/fixposition_driver_ros1/msg/gnsscorr.lisp)
Linked: (/home/liu/zt_data_get_ws/devel/.private/fixposition_driver_ros1/share/common-lisp/ros/fixposition_driver_ros1/msg/gpgll.lisp, /home/liu/zt_data_get_ws/devel/share/common-lisp/ros/fixposition_driver_ros1/msg/gpgll.lisp)
Linked: (/home/liu/zt_data_get_ws/devel/.private/fixposition_driver_ros1/share/common-lisp/ros/fixposition_driver_ros1/msg/gngsa.lisp, /home/liu/zt_data_get_ws/devel/share/common-lisp/ros/fixposition_driver_ros1/msg/gngsa.lisp)
Linked: (/home/liu/zt_data_get_ws/devel/.private/fixposition_driver_ros1/share/common-lisp/ros/fixposition_driver_ros1/msg/odomstatus.lisp, /home/liu/zt_data_get_ws/devel/share/common-lisp/ros/fixposition_driver_ros1/msg/odomstatus.lisp)
Linked: (/home/liu/zt_data_get_ws/devel/.private/fixposition_driver_ros1/share/common-lisp/ros/fixposition_driver_ros1/msg/_package_gnsscorr.lisp, /home/liu/zt_data_get_ws/devel/share/common-lisp/ros/fixposition_driver_ros1/msg/_package_gnsscorr.lisp)
Linked: (/home/liu/zt_data_get_ws/devel/.private/fixposition_driver_ros1/share/common-lisp/ros/fixposition_driver_ros1/msg/_package_Speed.lisp, /home/liu/zt_data_get_ws/devel/share/common-lisp/ros/fixposition_driver_ros1/msg/_package_Speed.lisp)
Linked: (/home/liu/zt_data_get_ws/devel/.private/fixposition_driver_ros1/share/common-lisp/ros/fixposition_driver_ros1/msg/_package.lisp, /home/liu/zt_data_get_ws/devel/share/common-lisp/ros/fixposition_driver_ros1/msg/_package.lisp)
Linked: (/home/liu/zt_data_get_ws/devel/.private/fixposition_driver_ros1/share/common-lisp/ros/fixposition_driver_ros1/msg/_package_gpgst.lisp, /home/liu/zt_data_get_ws/devel/share/common-lisp/ros/fixposition_driver_ros1/msg/_package_gpgst.lisp)
Linked: (/home/liu/zt_data_get_ws/devel/.private/fixposition_driver_ros1/share/common-lisp/ros/fixposition_driver_ros1/msg/llh.lisp, /home/liu/zt_data_get_ws/devel/share/common-lisp/ros/fixposition_driver_ros1/msg/llh.lisp)
Linked: (/home/liu/zt_data_get_ws/devel/.private/fixposition_driver_ros1/share/common-lisp/ros/fixposition_driver_ros1/msg/gpgst.lisp, /home/liu/zt_data_get_ws/devel/share/common-lisp/ros/fixposition_driver_ros1/msg/gpgst.lisp)
Linked: (/home/liu/zt_data_get_ws/devel/.private/fixposition_driver_ros1/share/common-lisp/ros/fixposition_driver_ros1/msg/WheelSensor.lisp, /home/liu/zt_data_get_ws/devel/share/common-lisp/ros/fixposition_driver_ros1/msg/WheelSensor.lisp)
Linked: (/home/liu/zt_data_get_ws/devel/.private/fixposition_driver_ros1/share/common-lisp/ros/fixposition_driver_ros1/msg/_package_gpzda.lisp, /home/liu/zt_data_get_ws/devel/share/common-lisp/ros/fixposition_driver_ros1/msg/_package_gpzda.lisp)
Linked: (/home/liu/zt_data_get_ws/devel/.private/fixposition_driver_ros1/share/common-lisp/ros/fixposition_driver_ros1/msg/_package_CovWarn.lisp, /home/liu/zt_data_get_ws/devel/share/common-lisp/ros/fixposition_driver_ros1/msg/_package_CovWarn.lisp)
Linked: (/home/liu/zt_data_get_ws/devel/.private/fixposition_driver_ros1/share/common-lisp/ros/fixposition_driver_ros1/msg/_package_NMEA.lisp, /home/liu/zt_data_get_ws/devel/share/common-lisp/ros/fixposition_driver_ros1/msg/_package_NMEA.lisp)
Linked: (/home/liu/zt_data_get_ws/devel/.private/fixposition_driver_ros1/share/common-lisp/ros/fixposition_driver_ros1/msg/_package_gnssant.lisp, /home/liu/zt_data_get_ws/devel/share/common-lisp/ros/fixposition_driver_ros1/msg/_package_gnssant.lisp)
Linked: (/home/liu/zt_data_get_ws/devel/.private/fixposition_driver_ros1/share/common-lisp/ros/fixposition_driver_ros1/msg/_package_WheelSensor.lisp, /home/liu/zt_data_get_ws/devel/share/common-lisp/ros/fixposition_driver_ros1/msg/_package_WheelSensor.lisp)
Linked: (/home/liu/zt_data_get_ws/devel/.private/fixposition_driver_ros1/share/common-lisp/ros/fixposition_driver_ros1/msg/text.lisp, /home/liu/zt_data_get_ws/devel/share/common-lisp/ros/fixposition_driver_ros1/msg/text.lisp)
Linked: (/home/liu/zt_data_get_ws/devel/.private/fixposition_driver_ros1/share/common-lisp/ros/fixposition_driver_ros1/msg/_package_odomstatus.lisp, /home/liu/zt_data_get_ws/devel/share/common-lisp/ros/fixposition_driver_ros1/msg/_package_odomstatus.lisp)
Linked: (/home/liu/zt_data_get_ws/devel/.private/fixposition_driver_ros1/share/common-lisp/ros/fixposition_driver_ros1/msg/eoe.lisp, /home/liu/zt_data_get_ws/devel/share/common-lisp/ros/fixposition_driver_ros1/msg/eoe.lisp)
Linked: (/home/liu/zt_data_get_ws/devel/.private/fixposition_driver_ros1/share/common-lisp/ros/fixposition_driver_ros1/msg/Speed.lisp, /home/liu/zt_data_get_ws/devel/share/common-lisp/ros/fixposition_driver_ros1/msg/Speed.lisp)
Linked: (/home/liu/zt_data_get_ws/devel/.private/fixposition_driver_ros1/share/common-lisp/ros/fixposition_driver_ros1/msg/gpgga.lisp, /home/liu/zt_data_get_ws/devel/share/common-lisp/ros/fixposition_driver_ros1/msg/gpgga.lisp)
Linked: (/home/liu/zt_data_get_ws/devel/.private/fixposition_driver_ros1/share/common-lisp/ros/fixposition_driver_ros1/msg/_package_gphdt.lisp, /home/liu/zt_data_get_ws/devel/share/common-lisp/ros/fixposition_driver_ros1/msg/_package_gphdt.lisp)
Linked: (/home/liu/zt_data_get_ws/devel/.private/fixposition_driver_ros1/share/common-lisp/ros/fixposition_driver_ros1/msg/gprmc.lisp, /home/liu/zt_data_get_ws/devel/share/common-lisp/ros/fixposition_driver_ros1/msg/gprmc.lisp)
Linked: (/home/liu/zt_data_get_ws/devel/.private/fixposition_driver_ros1/share/common-lisp/ros/fixposition_driver_ros1/msg/_package_odometry.lisp, /home/liu/zt_data_get_ws/devel/share/common-lisp/ros/fixposition_driver_ros1/msg/_package_odometry.lisp)
Linked: (/home/liu/zt_data_get_ws/devel/.private/fixposition_driver_ros1/share/common-lisp/ros/fixposition_driver_ros1/msg/NMEA.lisp, /home/liu/zt_data_get_ws/devel/share/common-lisp/ros/fixposition_driver_ros1/msg/NMEA.lisp)
Linked: (/home/liu/zt_data_get_ws/devel/.private/fixposition_driver_ros1/share/roseus/ros/fixposition_driver_ros1/manifest.l, /home/liu/zt_data_get_ws/devel/share/roseus/ros/fixposition_driver_ros1/manifest.l)
Linked: (/home/liu/zt_data_get_ws/devel/.private/fixposition_driver_ros1/share/roseus/ros/fixposition_driver_ros1/msg/gpgga.l, /home/liu/zt_data_get_ws/devel/share/roseus/ros/fixposition_driver_ros1/msg/gpgga.l)
Linked: (/home/liu/zt_data_get_ws/devel/.private/fixposition_driver_ros1/share/roseus/ros/fixposition_driver_ros1/msg/imubias.l, /home/liu/zt_data_get_ws/devel/share/roseus/ros/fixposition_driver_ros1/msg/imubias.l)
Linked: (/home/liu/zt_data_get_ws/devel/.private/fixposition_driver_ros1/share/roseus/ros/fixposition_driver_ros1/msg/odomenu.l, /home/liu/zt_data_get_ws/devel/share/roseus/ros/fixposition_driver_ros1/msg/odomenu.l)
Linked: (/home/liu/zt_data_get_ws/devel/.private/fixposition_driver_ros1/share/roseus/ros/fixposition_driver_ros1/msg/CovWarn.l, /home/liu/zt_data_get_ws/devel/share/roseus/ros/fixposition_driver_ros1/msg/CovWarn.l)
Linked: (/home/liu/zt_data_get_ws/devel/.private/fixposition_driver_ros1/share/roseus/ros/fixposition_driver_ros1/msg/gngsa.l, /home/liu/zt_data_get_ws/devel/share/roseus/ros/fixposition_driver_ros1/msg/gngsa.l)
Linked: (/home/liu/zt_data_get_ws/devel/.private/fixposition_driver_ros1/share/roseus/ros/fixposition_driver_ros1/msg/tp.l, /home/liu/zt_data_get_ws/devel/share/roseus/ros/fixposition_driver_ros1/msg/tp.l)
Linked: (/home/liu/zt_data_get_ws/devel/.private/fixposition_driver_ros1/share/roseus/ros/fixposition_driver_ros1/msg/gprmc.l, /home/liu/zt_data_get_ws/devel/share/roseus/ros/fixposition_driver_ros1/msg/gprmc.l)
Linked: (/home/liu/zt_data_get_ws/devel/.private/fixposition_driver_ros1/share/roseus/ros/fixposition_driver_ros1/msg/llh.l, /home/liu/zt_data_get_ws/devel/share/roseus/ros/fixposition_driver_ros1/msg/llh.l)
Linked: (/home/liu/zt_data_get_ws/devel/.private/fixposition_driver_ros1/share/roseus/ros/fixposition_driver_ros1/msg/gnssant.l, /home/liu/zt_data_get_ws/devel/share/roseus/ros/fixposition_driver_ros1/msg/gnssant.l)
Linked: (/home/liu/zt_data_get_ws/devel/.private/fixposition_driver_ros1/share/roseus/ros/fixposition_driver_ros1/msg/gxgsv.l, /home/liu/zt_data_get_ws/devel/share/roseus/ros/fixposition_driver_ros1/msg/gxgsv.l)
Linked: (/home/liu/zt_data_get_ws/devel/.private/fixposition_driver_ros1/share/roseus/ros/fixposition_driver_ros1/msg/gpgst.l, /home/liu/zt_data_get_ws/devel/share/roseus/ros/fixposition_driver_ros1/msg/gpgst.l)
Linked: (/home/liu/zt_data_get_ws/devel/.private/fixposition_driver_ros1/share/roseus/ros/fixposition_driver_ros1/msg/gphdt.l, /home/liu/zt_data_get_ws/devel/share/roseus/ros/fixposition_driver_ros1/msg/gphdt.l)
Linked: (/home/liu/zt_data_get_ws/devel/.private/fixposition_driver_ros1/share/roseus/ros/fixposition_driver_ros1/msg/NMEA.l, /home/liu/zt_data_get_ws/devel/share/roseus/ros/fixposition_driver_ros1/msg/NMEA.l)
Linked: (/home/liu/zt_data_get_ws/devel/.private/fixposition_driver_ros1/share/roseus/ros/fixposition_driver_ros1/msg/gpvtg.l, /home/liu/zt_data_get_ws/devel/share/roseus/ros/fixposition_driver_ros1/msg/gpvtg.l)
Linked: (/home/liu/zt_data_get_ws/devel/.private/fixposition_driver_ros1/share/roseus/ros/fixposition_driver_ros1/msg/odometry.l, /home/liu/zt_data_get_ws/devel/share/roseus/ros/fixposition_driver_ros1/msg/odometry.l)
Linked: (/home/liu/zt_data_get_ws/devel/.private/fixposition_driver_ros1/share/roseus/ros/fixposition_driver_ros1/msg/text.l, /home/liu/zt_data_get_ws/devel/share/roseus/ros/fixposition_driver_ros1/msg/text.l)
Linked: (/home/liu/zt_data_get_ws/devel/.private/fixposition_driver_ros1/share/roseus/ros/fixposition_driver_ros1/msg/WheelSensor.l, /home/liu/zt_data_get_ws/devel/share/roseus/ros/fixposition_driver_ros1/msg/WheelSensor.l)
Linked: (/home/liu/zt_data_get_ws/devel/.private/fixposition_driver_ros1/share/roseus/ros/fixposition_driver_ros1/msg/Speed.l, /home/liu/zt_data_get_ws/devel/share/roseus/ros/fixposition_driver_ros1/msg/Speed.l)
Linked: (/home/liu/zt_data_get_ws/devel/.private/fixposition_driver_ros1/share/roseus/ros/fixposition_driver_ros1/msg/gnsscorr.l, /home/liu/zt_data_get_ws/devel/share/roseus/ros/fixposition_driver_ros1/msg/gnsscorr.l)
Linked: (/home/liu/zt_data_get_ws/devel/.private/fixposition_driver_ros1/share/roseus/ros/fixposition_driver_ros1/msg/eoe.l, /home/liu/zt_data_get_ws/devel/share/roseus/ros/fixposition_driver_ros1/msg/eoe.l)
Linked: (/home/liu/zt_data_get_ws/devel/.private/fixposition_driver_ros1/share/roseus/ros/fixposition_driver_ros1/msg/gpzda.l, /home/liu/zt_data_get_ws/devel/share/roseus/ros/fixposition_driver_ros1/msg/gpzda.l)
Linked: (/home/liu/zt_data_get_ws/devel/.private/fixposition_driver_ros1/share/roseus/ros/fixposition_driver_ros1/msg/odomsh.l, /home/liu/zt_data_get_ws/devel/share/roseus/ros/fixposition_driver_ros1/msg/odomsh.l)
Linked: (/home/liu/zt_data_get_ws/devel/.private/fixposition_driver_ros1/share/roseus/ros/fixposition_driver_ros1/msg/odomstatus.l, /home/liu/zt_data_get_ws/devel/share/roseus/ros/fixposition_driver_ros1/msg/odomstatus.l)
Linked: (/home/liu/zt_data_get_ws/devel/.private/fixposition_driver_ros1/share/roseus/ros/fixposition_driver_ros1/msg/GnssSats.l, /home/liu/zt_data_get_ws/devel/share/roseus/ros/fixposition_driver_ros1/msg/GnssSats.l)
Linked: (/home/liu/zt_data_get_ws/devel/.private/fixposition_driver_ros1/share/roseus/ros/fixposition_driver_ros1/msg/gpgll.l, /home/liu/zt_data_get_ws/devel/share/roseus/ros/fixposition_driver_ros1/msg/gpgll.l)
Linked: (/home/liu/zt_data_get_ws/devel/.private/fixposition_driver_ros1/share/gennodejs/ros/fixposition_driver_ros1/_index.js, /home/liu/zt_data_get_ws/devel/share/gennodejs/ros/fixposition_driver_ros1/_index.js)
Linked: (/home/liu/zt_data_get_ws/devel/.private/fixposition_driver_ros1/share/gennodejs/ros/fixposition_driver_ros1/msg/gnssant.js, /home/liu/zt_data_get_ws/devel/share/gennodejs/ros/fixposition_driver_ros1/msg/gnssant.js)
Linked: (/home/liu/zt_data_get_ws/devel/.private/fixposition_driver_ros1/share/gennodejs/ros/fixposition_driver_ros1/msg/imubias.js, /home/liu/zt_data_get_ws/devel/share/gennodejs/ros/fixposition_driver_ros1/msg/imubias.js)
Linked: (/home/liu/zt_data_get_ws/devel/.private/fixposition_driver_ros1/share/gennodejs/ros/fixposition_driver_ros1/msg/odomenu.js, /home/liu/zt_data_get_ws/devel/share/gennodejs/ros/fixposition_driver_ros1/msg/odomenu.js)
Linked: (/home/liu/zt_data_get_ws/devel/.private/fixposition_driver_ros1/share/gennodejs/ros/fixposition_driver_ros1/msg/tp.js, /home/liu/zt_data_get_ws/devel/share/gennodejs/ros/fixposition_driver_ros1/msg/tp.js)
Linked: (/home/liu/zt_data_get_ws/devel/.private/fixposition_driver_ros1/share/gennodejs/ros/fixposition_driver_ros1/msg/odometry.js, /home/liu/zt_data_get_ws/devel/share/gennodejs/ros/fixposition_driver_ros1/msg/odometry.js)
Linked: (/home/liu/zt_data_get_ws/devel/.private/fixposition_driver_ros1/share/gennodejs/ros/fixposition_driver_ros1/msg/gprmc.js, /home/liu/zt_data_get_ws/devel/share/gennodejs/ros/fixposition_driver_ros1/msg/gprmc.js)
Linked: (/home/liu/zt_data_get_ws/devel/.private/fixposition_driver_ros1/share/gennodejs/ros/fixposition_driver_ros1/msg/gpzda.js, /home/liu/zt_data_get_ws/devel/share/gennodejs/ros/fixposition_driver_ros1/msg/gpzda.js)
Linked: (/home/liu/zt_data_get_ws/devel/.private/fixposition_driver_ros1/share/gennodejs/ros/fixposition_driver_ros1/msg/gngsa.js, /home/liu/zt_data_get_ws/devel/share/gennodejs/ros/fixposition_driver_ros1/msg/gngsa.js)
Linked: (/home/liu/zt_data_get_ws/devel/.private/fixposition_driver_ros1/share/gennodejs/ros/fixposition_driver_ros1/msg/gpgst.js, /home/liu/zt_data_get_ws/devel/share/gennodejs/ros/fixposition_driver_ros1/msg/gpgst.js)
Linked: (/home/liu/zt_data_get_ws/devel/.private/fixposition_driver_ros1/share/gennodejs/ros/fixposition_driver_ros1/msg/gpgll.js, /home/liu/zt_data_get_ws/devel/share/gennodejs/ros/fixposition_driver_ros1/msg/gpgll.js)
Linked: (/home/liu/zt_data_get_ws/devel/.private/fixposition_driver_ros1/share/gennodejs/ros/fixposition_driver_ros1/msg/gpgga.js, /home/liu/zt_data_get_ws/devel/share/gennodejs/ros/fixposition_driver_ros1/msg/gpgga.js)
Linked: (/home/liu/zt_data_get_ws/devel/.private/fixposition_driver_ros1/share/gennodejs/ros/fixposition_driver_ros1/msg/gxgsv.js, /home/liu/zt_data_get_ws/devel/share/gennodejs/ros/fixposition_driver_ros1/msg/gxgsv.js)
Linked: (/home/liu/zt_data_get_ws/devel/.private/fixposition_driver_ros1/share/gennodejs/ros/fixposition_driver_ros1/msg/WheelSensor.js, /home/liu/zt_data_get_ws/devel/share/gennodejs/ros/fixposition_driver_ros1/msg/WheelSensor.js)
Linked: (/home/liu/zt_data_get_ws/devel/.private/fixposition_driver_ros1/share/gennodejs/ros/fixposition_driver_ros1/msg/gphdt.js, /home/liu/zt_data_get_ws/devel/share/gennodejs/ros/fixposition_driver_ros1/msg/gphdt.js)
Linked: (/home/liu/zt_data_get_ws/devel/.private/fixposition_driver_ros1/share/gennodejs/ros/fixposition_driver_ros1/msg/gpvtg.js, /home/liu/zt_data_get_ws/devel/share/gennodejs/ros/fixposition_driver_ros1/msg/gpvtg.js)
Linked: (/home/liu/zt_data_get_ws/devel/.private/fixposition_driver_ros1/share/gennodejs/ros/fixposition_driver_ros1/msg/_index.js, /home/liu/zt_data_get_ws/devel/share/gennodejs/ros/fixposition_driver_ros1/msg/_index.js)
Linked: (/home/liu/zt_data_get_ws/devel/.private/fixposition_driver_ros1/share/gennodejs/ros/fixposition_driver_ros1/msg/NMEA.js, /home/liu/zt_data_get_ws/devel/share/gennodejs/ros/fixposition_driver_ros1/msg/NMEA.js)
Linked: (/home/liu/zt_data_get_ws/devel/.private/fixposition_driver_ros1/share/gennodejs/ros/fixposition_driver_ros1/msg/eoe.js, /home/liu/zt_data_get_ws/devel/share/gennodejs/ros/fixposition_driver_ros1/msg/eoe.js)
Linked: (/home/liu/zt_data_get_ws/devel/.private/fixposition_driver_ros1/share/gennodejs/ros/fixposition_driver_ros1/msg/GnssSats.js, /home/liu/zt_data_get_ws/devel/share/gennodejs/ros/fixposition_driver_ros1/msg/GnssSats.js)
Linked: (/home/liu/zt_data_get_ws/devel/.private/fixposition_driver_ros1/share/gennodejs/ros/fixposition_driver_ros1/msg/CovWarn.js, /home/liu/zt_data_get_ws/devel/share/gennodejs/ros/fixposition_driver_ros1/msg/CovWarn.js)
Linked: (/home/liu/zt_data_get_ws/devel/.private/fixposition_driver_ros1/share/gennodejs/ros/fixposition_driver_ros1/msg/odomstatus.js, /home/liu/zt_data_get_ws/devel/share/gennodejs/ros/fixposition_driver_ros1/msg/odomstatus.js)
Linked: (/home/liu/zt_data_get_ws/devel/.private/fixposition_driver_ros1/share/gennodejs/ros/fixposition_driver_ros1/msg/gnsscorr.js, /home/liu/zt_data_get_ws/devel/share/gennodejs/ros/fixposition_driver_ros1/msg/gnsscorr.js)
Linked: (/home/liu/zt_data_get_ws/devel/.private/fixposition_driver_ros1/share/gennodejs/ros/fixposition_driver_ros1/msg/odomsh.js, /home/liu/zt_data_get_ws/devel/share/gennodejs/ros/fixposition_driver_ros1/msg/odomsh.js)
Linked: (/home/liu/zt_data_get_ws/devel/.private/fixposition_driver_ros1/share/gennodejs/ros/fixposition_driver_ros1/msg/Speed.js, /home/liu/zt_data_get_ws/devel/share/gennodejs/ros/fixposition_driver_ros1/msg/Speed.js)
Linked: (/home/liu/zt_data_get_ws/devel/.private/fixposition_driver_ros1/share/gennodejs/ros/fixposition_driver_ros1/msg/text.js, /home/liu/zt_data_get_ws/devel/share/gennodejs/ros/fixposition_driver_ros1/msg/text.js)
Linked: (/home/liu/zt_data_get_ws/devel/.private/fixposition_driver_ros1/share/gennodejs/ros/fixposition_driver_ros1/msg/llh.js, /home/liu/zt_data_get_ws/devel/share/gennodejs/ros/fixposition_driver_ros1/msg/llh.js)
Linked: (/home/liu/zt_data_get_ws/devel/.private/fixposition_driver_ros1/lib/python3/dist-packages/fixposition_driver_ros1/__init__.py, /home/liu/zt_data_get_ws/devel/lib/python3/dist-packages/fixposition_driver_ros1/__init__.py)
Linked: (/home/liu/zt_data_get_ws/devel/.private/fixposition_driver_ros1/lib/python3/dist-packages/fixposition_driver_ros1/msg/_odomsh.py, /home/liu/zt_data_get_ws/devel/lib/python3/dist-packages/fixposition_driver_ros1/msg/_odomsh.py)
Linked: (/home/liu/zt_data_get_ws/devel/.private/fixposition_driver_ros1/lib/python3/dist-packages/fixposition_driver_ros1/msg/_tp.py, /home/liu/zt_data_get_ws/devel/lib/python3/dist-packages/fixposition_driver_ros1/msg/_tp.py)
Linked: (/home/liu/zt_data_get_ws/devel/.private/fixposition_driver_ros1/lib/python3/dist-packages/fixposition_driver_ros1/msg/_imubias.py, /home/liu/zt_data_get_ws/devel/lib/python3/dist-packages/fixposition_driver_ros1/msg/_imubias.py)
Linked: (/home/liu/zt_data_get_ws/devel/.private/fixposition_driver_ros1/lib/python3/dist-packages/fixposition_driver_ros1/msg/_gprmc.py, /home/liu/zt_data_get_ws/devel/lib/python3/dist-packages/fixposition_driver_ros1/msg/_gprmc.py)
Linked: (/home/liu/zt_data_get_ws/devel/.private/fixposition_driver_ros1/lib/python3/dist-packages/fixposition_driver_ros1/msg/_WheelSensor.py, /home/liu/zt_data_get_ws/devel/lib/python3/dist-packages/fixposition_driver_ros1/msg/_WheelSensor.py)
Linked: (/home/liu/zt_data_get_ws/devel/.private/fixposition_driver_ros1/lib/python3/dist-packages/fixposition_driver_ros1/msg/_gphdt.py, /home/liu/zt_data_get_ws/devel/lib/python3/dist-packages/fixposition_driver_ros1/msg/_gphdt.py)
Linked: (/home/liu/zt_data_get_ws/devel/.private/fixposition_driver_ros1/lib/python3/dist-packages/fixposition_driver_ros1/msg/_gpzda.py, /home/liu/zt_data_get_ws/devel/lib/python3/dist-packages/fixposition_driver_ros1/msg/_gpzda.py)
Linked: (/home/liu/zt_data_get_ws/devel/.private/fixposition_driver_ros1/lib/python3/dist-packages/fixposition_driver_ros1/msg/__init__.py, /home/liu/zt_data_get_ws/devel/lib/python3/dist-packages/fixposition_driver_ros1/msg/__init__.py)
Linked: (/home/liu/zt_data_get_ws/devel/.private/fixposition_driver_ros1/lib/python3/dist-packages/fixposition_driver_ros1/msg/_gpgga.py, /home/liu/zt_data_get_ws/devel/lib/python3/dist-packages/fixposition_driver_ros1/msg/_gpgga.py)
Linked: (/home/liu/zt_data_get_ws/devel/.private/fixposition_driver_ros1/lib/python3/dist-packages/fixposition_driver_ros1/msg/_odomenu.py, /home/liu/zt_data_get_ws/devel/lib/python3/dist-packages/fixposition_driver_ros1/msg/_odomenu.py)
Linked: (/home/liu/zt_data_get_ws/devel/.private/fixposition_driver_ros1/lib/python3/dist-packages/fixposition_driver_ros1/msg/_gpgll.py, /home/liu/zt_data_get_ws/devel/lib/python3/dist-packages/fixposition_driver_ros1/msg/_gpgll.py)
Linked: (/home/liu/zt_data_get_ws/devel/.private/fixposition_driver_ros1/lib/python3/dist-packages/fixposition_driver_ros1/msg/_gngsa.py, /home/liu/zt_data_get_ws/devel/lib/python3/dist-packages/fixposition_driver_ros1/msg/_gngsa.py)
Linked: (/home/liu/zt_data_get_ws/devel/.private/fixposition_driver_ros1/lib/python3/dist-packages/fixposition_driver_ros1/msg/_llh.py, /home/liu/zt_data_get_ws/devel/lib/python3/dist-packages/fixposition_driver_ros1/msg/_llh.py)
Linked: (/home/liu/zt_data_get_ws/devel/.private/fixposition_driver_ros1/lib/python3/dist-packages/fixposition_driver_ros1/msg/_NMEA.py, /home/liu/zt_data_get_ws/devel/lib/python3/dist-packages/fixposition_driver_ros1/msg/_NMEA.py)
Linked: (/home/liu/zt_data_get_ws/devel/.private/fixposition_driver_ros1/lib/python3/dist-packages/fixposition_driver_ros1/msg/_gnssant.py, /home/liu/zt_data_get_ws/devel/lib/python3/dist-packages/fixposition_driver_ros1/msg/_gnssant.py)
Linked: (/home/liu/zt_data_get_ws/devel/.private/fixposition_driver_ros1/lib/python3/dist-packages/fixposition_driver_ros1/msg/_eoe.py, /home/liu/zt_data_get_ws/devel/lib/python3/dist-packages/fixposition_driver_ros1/msg/_eoe.py)
Linked: (/home/liu/zt_data_get_ws/devel/.private/fixposition_driver_ros1/lib/python3/dist-packages/fixposition_driver_ros1/msg/_GnssSats.py, /home/liu/zt_data_get_ws/devel/lib/python3/dist-packages/fixposition_driver_ros1/msg/_GnssSats.py)
Linked: (/home/liu/zt_data_get_ws/devel/.private/fixposition_driver_ros1/lib/python3/dist-packages/fixposition_driver_ros1/msg/_gnsscorr.py, /home/liu/zt_data_get_ws/devel/lib/python3/dist-packages/fixposition_driver_ros1/msg/_gnsscorr.py)
Linked: (/home/liu/zt_data_get_ws/devel/.private/fixposition_driver_ros1/lib/python3/dist-packages/fixposition_driver_ros1/msg/_CovWarn.py, /home/liu/zt_data_get_ws/devel/lib/python3/dist-packages/fixposition_driver_ros1/msg/_CovWarn.py)
Linked: (/home/liu/zt_data_get_ws/devel/.private/fixposition_driver_ros1/lib/python3/dist-packages/fixposition_driver_ros1/msg/_odometry.py, /home/liu/zt_data_get_ws/devel/lib/python3/dist-packages/fixposition_driver_ros1/msg/_odometry.py)
Linked: (/home/liu/zt_data_get_ws/devel/.private/fixposition_driver_ros1/lib/python3/dist-packages/fixposition_driver_ros1/msg/_gpvtg.py, /home/liu/zt_data_get_ws/devel/lib/python3/dist-packages/fixposition_driver_ros1/msg/_gpvtg.py)
Linked: (/home/liu/zt_data_get_ws/devel/.private/fixposition_driver_ros1/lib/python3/dist-packages/fixposition_driver_ros1/msg/_Speed.py, /home/liu/zt_data_get_ws/devel/lib/python3/dist-packages/fixposition_driver_ros1/msg/_Speed.py)
Linked: (/home/liu/zt_data_get_ws/devel/.private/fixposition_driver_ros1/lib/python3/dist-packages/fixposition_driver_ros1/msg/_text.py, /home/liu/zt_data_get_ws/devel/lib/python3/dist-packages/fixposition_driver_ros1/msg/_text.py)
Linked: (/home/liu/zt_data_get_ws/devel/.private/fixposition_driver_ros1/lib/python3/dist-packages/fixposition_driver_ros1/msg/_odomstatus.py, /home/liu/zt_data_get_ws/devel/lib/python3/dist-packages/fixposition_driver_ros1/msg/_odomstatus.py)
Linked: (/home/liu/zt_data_get_ws/devel/.private/fixposition_driver_ros1/lib/python3/dist-packages/fixposition_driver_ros1/msg/_gxgsv.py, /home/liu/zt_data_get_ws/devel/lib/python3/dist-packages/fixposition_driver_ros1/msg/_gxgsv.py)
Linked: (/home/liu/zt_data_get_ws/devel/.private/fixposition_driver_ros1/lib/python3/dist-packages/fixposition_driver_ros1/msg/_gpgst.py, /home/liu/zt_data_get_ws/devel/lib/python3/dist-packages/fixposition_driver_ros1/msg/_gpgst.py)
Linked: (/home/liu/zt_data_get_ws/devel/.private/fixposition_driver_ros1/lib/pkgconfig/fixposition_driver_ros1.pc, /home/liu/zt_data_get_ws/devel/lib/pkgconfig/fixposition_driver_ros1.pc)
Linked: (/home/liu/zt_data_get_ws/devel/.private/fixposition_driver_ros1/lib/fixposition_driver_ros1/fixposition_driver_ros1, /home/liu/zt_data_get_ws/devel/lib/fixposition_driver_ros1/fixposition_driver_ros1)
Linked: (/home/liu/zt_data_get_ws/devel/.private/fixposition_driver_ros1/include/fixposition_driver_ros1/NMEA.h, /home/liu/zt_data_get_ws/devel/include/fixposition_driver_ros1/NMEA.h)
Linked: (/home/liu/zt_data_get_ws/devel/.private/fixposition_driver_ros1/include/fixposition_driver_ros1/gpgll.h, /home/liu/zt_data_get_ws/devel/include/fixposition_driver_ros1/gpgll.h)
Linked: (/home/liu/zt_data_get_ws/devel/.private/fixposition_driver_ros1/include/fixposition_driver_ros1/llh.h, /home/liu/zt_data_get_ws/devel/include/fixposition_driver_ros1/llh.h)
Linked: (/home/liu/zt_data_get_ws/devel/.private/fixposition_driver_ros1/include/fixposition_driver_ros1/text.h, /home/liu/zt_data_get_ws/devel/include/fixposition_driver_ros1/text.h)
Linked: (/home/liu/zt_data_get_ws/devel/.private/fixposition_driver_ros1/include/fixposition_driver_ros1/GnssSats.h, /home/liu/zt_data_get_ws/devel/include/fixposition_driver_ros1/GnssSats.h)
Linked: (/home/liu/zt_data_get_ws/devel/.private/fixposition_driver_ros1/include/fixposition_driver_ros1/gngsa.h, /home/liu/zt_data_get_ws/devel/include/fixposition_driver_ros1/gngsa.h)
Linked: (/home/liu/zt_data_get_ws/devel/.private/fixposition_driver_ros1/include/fixposition_driver_ros1/gpzda.h, /home/liu/zt_data_get_ws/devel/include/fixposition_driver_ros1/gpzda.h)
Linked: (/home/liu/zt_data_get_ws/devel/.private/fixposition_driver_ros1/include/fixposition_driver_ros1/gpgst.h, /home/liu/zt_data_get_ws/devel/include/fixposition_driver_ros1/gpgst.h)
Linked: (/home/liu/zt_data_get_ws/devel/.private/fixposition_driver_ros1/include/fixposition_driver_ros1/CovWarn.h, /home/liu/zt_data_get_ws/devel/include/fixposition_driver_ros1/CovWarn.h)
Linked: (/home/liu/zt_data_get_ws/devel/.private/fixposition_driver_ros1/include/fixposition_driver_ros1/gnssant.h, /home/liu/zt_data_get_ws/devel/include/fixposition_driver_ros1/gnssant.h)
Linked: (/home/liu/zt_data_get_ws/devel/.private/fixposition_driver_ros1/include/fixposition_driver_ros1/gphdt.h, /home/liu/zt_data_get_ws/devel/include/fixposition_driver_ros1/gphdt.h)
Linked: (/home/liu/zt_data_get_ws/devel/.private/fixposition_driver_ros1/include/fixposition_driver_ros1/odometry.h, /home/liu/zt_data_get_ws/devel/include/fixposition_driver_ros1/odometry.h)
Linked: (/home/liu/zt_data_get_ws/devel/.private/fixposition_driver_ros1/include/fixposition_driver_ros1/gpvtg.h, /home/liu/zt_data_get_ws/devel/include/fixposition_driver_ros1/gpvtg.h)
Linked: (/home/liu/zt_data_get_ws/devel/.private/fixposition_driver_ros1/include/fixposition_driver_ros1/odomsh.h, /home/liu/zt_data_get_ws/devel/include/fixposition_driver_ros1/odomsh.h)
Linked: (/home/liu/zt_data_get_ws/devel/.private/fixposition_driver_ros1/include/fixposition_driver_ros1/tp.h, /home/liu/zt_data_get_ws/devel/include/fixposition_driver_ros1/tp.h)
Linked: (/home/liu/zt_data_get_ws/devel/.private/fixposition_driver_ros1/include/fixposition_driver_ros1/gprmc.h, /home/liu/zt_data_get_ws/devel/include/fixposition_driver_ros1/gprmc.h)
Linked: (/home/liu/zt_data_get_ws/devel/.private/fixposition_driver_ros1/include/fixposition_driver_ros1/eoe.h, /home/liu/zt_data_get_ws/devel/include/fixposition_driver_ros1/eoe.h)
Linked: (/home/liu/zt_data_get_ws/devel/.private/fixposition_driver_ros1/include/fixposition_driver_ros1/WheelSensor.h, /home/liu/zt_data_get_ws/devel/include/fixposition_driver_ros1/WheelSensor.h)
Linked: (/home/liu/zt_data_get_ws/devel/.private/fixposition_driver_ros1/include/fixposition_driver_ros1/gpgga.h, /home/liu/zt_data_get_ws/devel/include/fixposition_driver_ros1/gpgga.h)
Linked: (/home/liu/zt_data_get_ws/devel/.private/fixposition_driver_ros1/include/fixposition_driver_ros1/imubias.h, /home/liu/zt_data_get_ws/devel/include/fixposition_driver_ros1/imubias.h)
Linked: (/home/liu/zt_data_get_ws/devel/.private/fixposition_driver_ros1/include/fixposition_driver_ros1/gnsscorr.h, /home/liu/zt_data_get_ws/devel/include/fixposition_driver_ros1/gnsscorr.h)
Linked: (/home/liu/zt_data_get_ws/devel/.private/fixposition_driver_ros1/include/fixposition_driver_ros1/Speed.h, /home/liu/zt_data_get_ws/devel/include/fixposition_driver_ros1/Speed.h)
Linked: (/home/liu/zt_data_get_ws/devel/.private/fixposition_driver_ros1/include/fixposition_driver_ros1/odomenu.h, /home/liu/zt_data_get_ws/devel/include/fixposition_driver_ros1/odomenu.h)
Linked: (/home/liu/zt_data_get_ws/devel/.private/fixposition_driver_ros1/include/fixposition_driver_ros1/gxgsv.h, /home/liu/zt_data_get_ws/devel/include/fixposition_driver_ros1/gxgsv.h)
Linked: (/home/liu/zt_data_get_ws/devel/.private/fixposition_driver_ros1/include/fixposition_driver_ros1/odomstatus.h, /home/liu/zt_data_get_ws/devel/include/fixposition_driver_ros1/odomstatus.h)
