[  0%] Built target _fixposition_driver_ros1_generate_messages_check_deps_WheelSensor
[  0%] Built target _fixposition_driver_ros1_generate_messages_check_deps_gpzda
[  0%] Built target _fixposition_driver_ros1_generate_messages_check_deps_CovWarn
[  0%] Built target _fixposition_driver_ros1_generate_messages_check_deps_gpvtg
[  0%] Built target _fixposition_driver_ros1_generate_messages_check_deps_gprmc
[  0%] Built target _fixposition_driver_ros1_generate_messages_check_deps_gphdt
[  0%] Built target _fixposition_driver_ros1_generate_messages_check_deps_gpgll
[  0%] Built target _fixposition_driver_ros1_generate_messages_check_deps_gxgsv
[  0%] Built target _fixposition_driver_ros1_generate_messages_check_deps_text
[  0%] Built target _fixposition_driver_ros1_generate_messages_check_deps_odomstatus
[  0%] Built target _fixposition_driver_ros1_generate_messages_check_deps_gpgga
[  0%] Built target _fixposition_driver_ros1_generate_messages_check_deps_odometry
[  0%] Built target _fixposition_driver_ros1_generate_messages_check_deps_odomenu
[  0%] Built target _fixposition_driver_ros1_generate_messages_check_deps_llh
[  0%] Built target _fixposition_driver_ros1_generate_messages_check_deps_imubias
[  0%] Built target _fixposition_driver_ros1_generate_messages_check_deps_gnsscorr
[  0%] Built target std_msgs_generate_messages_cpp
[  0%] Built target _fixposition_driver_ros1_generate_messages_check_deps_gnssant
[  0%] Built target geometry_msgs_generate_messages_cpp
[  0%] Built target _fixposition_driver_ros1_generate_messages_check_deps_eoe
[  0%] Built target nav_msgs_generate_messages_cpp
[  0%] Built target _fixposition_driver_ros1_generate_messages_check_deps_NMEA
[  0%] Built target _fixposition_driver_ros1_generate_messages_check_deps_gngsa
[  0%] Built target _fixposition_driver_ros1_generate_messages_check_deps_tp
[  0%] Built target std_msgs_generate_messages_py
[  0%] Built target _fixposition_driver_ros1_generate_messages_check_deps_odomsh
[  0%] Built target nav_msgs_generate_messages_py
[  0%] Built target geometry_msgs_generate_messages_py
[  0%] Built target _fixposition_driver_ros1_generate_messages_check_deps_gpgst
[  0%] Built target std_msgs_generate_messages_nodejs
[  0%] Built target geometry_msgs_generate_messages_eus
[  0%] Built target _fixposition_driver_ros1_generate_messages_check_deps_GnssSats
[  0%] Built target nav_msgs_generate_messages_eus
[  0%] Built target _fixposition_driver_ros1_generate_messages_check_deps_Speed
[  0%] Built target std_msgs_generate_messages_eus
[  0%] Built target geometry_msgs_generate_messages_nodejs
[  0%] Built target nav_msgs_generate_messages_nodejs
[  0%] Built target geometry_msgs_generate_messages_lisp
[  0%] Built target std_msgs_generate_messages_lisp
[  0%] Built target nav_msgs_generate_messages_lisp
[ 39%] Built target fixposition_driver_ros1_generate_messages_cpp
[ 39%] Built target fixposition_driver_ros1_generate_messages_eus
[ 59%] Built target fixposition_driver_ros1_generate_messages_py
[ 78%] Built target fixposition_driver_ros1_generate_messages_nodejs
[ 97%] Built target fixposition_driver_ros1_generate_messages_lisp
[100%] Built target fixposition_driver_ros1
[100%] Built target fixposition_driver_ros1_generate_messages
