[35m[1mScanning dependencies of target _fixposition_driver_ros1_generate_messages_check_deps_WheelSensor[0m
[35m[1mScanning dependencies of target _fixposition_driver_ros1_generate_messages_check_deps_CovWarn[0m
[35m[1mScanning dependencies of target _fixposition_driver_ros1_generate_messages_check_deps_gprmc[0m
[35m[1mScanning dependencies of target _fixposition_driver_ros1_generate_messages_check_deps_gpzda[0m
[35m[1mScanning dependencies of target _fixposition_driver_ros1_generate_messages_check_deps_gpvtg[0m
[  0%] Built target _fixposition_driver_ros1_generate_messages_check_deps_gprmc
[  0%] Built target _fixposition_driver_ros1_generate_messages_check_deps_gpzda
[  0%] Built target _fixposition_driver_ros1_generate_messages_check_deps_CovWarn
[  0%] Built target _fixposition_driver_ros1_generate_messages_check_deps_gpvtg
[  0%] Built target _fixposition_driver_ros1_generate_messages_check_deps_WheelSensor
[35m[1mScanning dependencies of target _fixposition_driver_ros1_generate_messages_check_deps_gxgsv[0m
[35m[1mScanning dependencies of target _fixposition_driver_ros1_generate_messages_check_deps_gphdt[0m
[35m[1mScanning dependencies of target _fixposition_driver_ros1_generate_messages_check_deps_text[0m
[35m[1mScanning dependencies of target _fixposition_driver_ros1_generate_messages_check_deps_gpgll[0m
[35m[1mScanning dependencies of target _fixposition_driver_ros1_generate_messages_check_deps_odomstatus[0m
[  0%] Built target _fixposition_driver_ros1_generate_messages_check_deps_gpgll
[  0%] Built target _fixposition_driver_ros1_generate_messages_check_deps_gxgsv
[  0%] Built target _fixposition_driver_ros1_generate_messages_check_deps_gphdt
[  0%] Built target _fixposition_driver_ros1_generate_messages_check_deps_odomstatus
[  0%] Built target _fixposition_driver_ros1_generate_messages_check_deps_text
[35m[1mScanning dependencies of target _fixposition_driver_ros1_generate_messages_check_deps_gpgga[0m
[35m[1mScanning dependencies of target _fixposition_driver_ros1_generate_messages_check_deps_odometry[0m
[35m[1mScanning dependencies of target _fixposition_driver_ros1_generate_messages_check_deps_llh[0m
[35m[1mScanning dependencies of target _fixposition_driver_ros1_generate_messages_check_deps_odomenu[0m
[35m[1mScanning dependencies of target _fixposition_driver_ros1_generate_messages_check_deps_imubias[0m
[  0%] Built target _fixposition_driver_ros1_generate_messages_check_deps_gpgga
[  0%] Built target _fixposition_driver_ros1_generate_messages_check_deps_odometry
[  0%] Built target _fixposition_driver_ros1_generate_messages_check_deps_imubias
[35m[1mScanning dependencies of target _fixposition_driver_ros1_generate_messages_check_deps_gnsscorr[0m
[35m[1mScanning dependencies of target _fixposition_driver_ros1_generate_messages_check_deps_eoe[0m
[35m[1mScanning dependencies of target _fixposition_driver_ros1_generate_messages_check_deps_gnssant[0m
[  0%] Built target _fixposition_driver_ros1_generate_messages_check_deps_odomenu
[  0%] Built target _fixposition_driver_ros1_generate_messages_check_deps_llh
[35m[1mScanning dependencies of target std_msgs_generate_messages_cpp[0m
[  0%] Built target _fixposition_driver_ros1_generate_messages_check_deps_gnsscorr
[35m[1mScanning dependencies of target _fixposition_driver_ros1_generate_messages_check_deps_tp[0m
[35m[1mScanning dependencies of target _fixposition_driver_ros1_generate_messages_check_deps_NMEA[0m
[  0%] Built target _fixposition_driver_ros1_generate_messages_check_deps_eoe
[  0%] Built target std_msgs_generate_messages_cpp
[  0%] Built target _fixposition_driver_ros1_generate_messages_check_deps_gnssant
[35m[1mScanning dependencies of target geometry_msgs_generate_messages_cpp[0m
[35m[1mScanning dependencies of target _fixposition_driver_ros1_generate_messages_check_deps_gngsa[0m
[35m[1mScanning dependencies of target _fixposition_driver_ros1_generate_messages_check_deps_odomsh[0m
[  0%] Built target geometry_msgs_generate_messages_cpp
[35m[1mScanning dependencies of target nav_msgs_generate_messages_cpp[0m
[  0%] Built target _fixposition_driver_ros1_generate_messages_check_deps_tp
[  0%] Built target nav_msgs_generate_messages_cpp
[  0%] Built target _fixposition_driver_ros1_generate_messages_check_deps_NMEA
[35m[1mScanning dependencies of target _fixposition_driver_ros1_generate_messages_check_deps_gpgst[0m
[35m[1mScanning dependencies of target _fixposition_driver_ros1_generate_messages_check_deps_GnssSats[0m
[35m[1mScanning dependencies of target _fixposition_driver_ros1_generate_messages_check_deps_Speed[0m
[  0%] Built target _fixposition_driver_ros1_generate_messages_check_deps_gngsa
[35m[1mScanning dependencies of target std_msgs_generate_messages_py[0m
[  0%] Built target _fixposition_driver_ros1_generate_messages_check_deps_odomsh
[35m[1mScanning dependencies of target geometry_msgs_generate_messages_py[0m
[  0%] Built target std_msgs_generate_messages_py
[  0%] Built target geometry_msgs_generate_messages_py
[  0%] Built target _fixposition_driver_ros1_generate_messages_check_deps_GnssSats
[  0%] Built target _fixposition_driver_ros1_generate_messages_check_deps_gpgst
[35m[1mScanning dependencies of target nav_msgs_generate_messages_py[0m
[  0%] Built target _fixposition_driver_ros1_generate_messages_check_deps_Speed
[35m[1mScanning dependencies of target geometry_msgs_generate_messages_eus[0m
[35m[1mScanning dependencies of target nav_msgs_generate_messages_eus[0m
[35m[1mScanning dependencies of target std_msgs_generate_messages_eus[0m
[  0%] Built target nav_msgs_generate_messages_py
[35m[1mScanning dependencies of target std_msgs_generate_messages_nodejs[0m
[  0%] Built target nav_msgs_generate_messages_eus
[  0%] Built target geometry_msgs_generate_messages_eus
[  0%] Built target std_msgs_generate_messages_nodejs
[  0%] Built target std_msgs_generate_messages_eus
[35m[1mScanning dependencies of target geometry_msgs_generate_messages_nodejs[0m
[35m[1mScanning dependencies of target std_msgs_generate_messages_lisp[0m
[35m[1mScanning dependencies of target nav_msgs_generate_messages_nodejs[0m
[35m[1mScanning dependencies of target geometry_msgs_generate_messages_lisp[0m
[  0%] Built target geometry_msgs_generate_messages_nodejs
[35m[1mScanning dependencies of target nav_msgs_generate_messages_lisp[0m
[  0%] Built target std_msgs_generate_messages_lisp
[  0%] Built target nav_msgs_generate_messages_nodejs
[  0%] Built target geometry_msgs_generate_messages_lisp
[35m[1mScanning dependencies of target fixposition_driver_ros1_generate_messages_py[0m
[35m[1mScanning dependencies of target fixposition_driver_ros1_generate_messages_cpp[0m
[  0%] Built target nav_msgs_generate_messages_lisp
[35m[1mScanning dependencies of target fixposition_driver_ros1_generate_messages_eus[0m
[35m[1mScanning dependencies of target fixposition_driver_ros1_generate_messages_nodejs[0m
[  1%] [34m[1mGenerating Python from MSG fixposition_driver_ros1/Speed[0m
[  1%] [34m[1mGenerating Python from MSG fixposition_driver_ros1/WheelSensor[0m
[35m[1mScanning dependencies of target fixposition_driver_ros1_generate_messages_lisp[0m
[  2%] [34m[1mGenerating C++ code from fixposition_driver_ros1/Speed.msg[0m
[  3%] [34m[1mGenerating EusLisp code from fixposition_driver_ros1/Speed.msg[0m
[  4%] [34m[1mGenerating Javascript code from fixposition_driver_ros1/Speed.msg[0m
[  5%] [34m[1mGenerating Lisp code from fixposition_driver_ros1/Speed.msg[0m
[  5%] [34m[1mGenerating Javascript code from fixposition_driver_ros1/WheelSensor.msg[0m
[  6%] [34m[1mGenerating Lisp code from fixposition_driver_ros1/WheelSensor.msg[0m
[  7%] [34m[1mGenerating C++ code from fixposition_driver_ros1/WheelSensor.msg[0m
[  8%] [34m[1mGenerating EusLisp code from fixposition_driver_ros1/WheelSensor.msg[0m
[  9%] [34m[1mGenerating Javascript code from fixposition_driver_ros1/GnssSats.msg[0m
[  8%] [34m[1mGenerating Lisp code from fixposition_driver_ros1/GnssSats.msg[0m
[ 10%] [34m[1mGenerating Lisp code from fixposition_driver_ros1/NMEA.msg[0m
[ 11%] [34m[1mGenerating Python from MSG fixposition_driver_ros1/GnssSats[0m
[ 12%] [34m[1mGenerating EusLisp code from fixposition_driver_ros1/GnssSats.msg[0m
[ 12%] [34m[1mGenerating EusLisp code from fixposition_driver_ros1/NMEA.msg[0m
[ 13%] [34m[1mGenerating Javascript code from fixposition_driver_ros1/NMEA.msg[0m
[ 14%] [34m[1mGenerating C++ code from fixposition_driver_ros1/GnssSats.msg[0m
[ 15%] [34m[1mGenerating Lisp code from fixposition_driver_ros1/eoe.msg[0m
[ 15%] [34m[1mGenerating Lisp code from fixposition_driver_ros1/gnssant.msg[0m
[ 17%] [34m[1mGenerating EusLisp code from fixposition_driver_ros1/eoe.msg[0m
[ 18%] [34m[1mGenerating Javascript code from fixposition_driver_ros1/eoe.msg[0m
[ 18%] [34m[1mGenerating Javascript code from fixposition_driver_ros1/gnssant.msg[0m
[ 19%] [34m[1mGenerating Python from MSG fixposition_driver_ros1/NMEA[0m
[ 20%] [34m[1mGenerating Lisp code from fixposition_driver_ros1/gnsscorr.msg[0m
[ 20%] [34m[1mGenerating C++ code from fixposition_driver_ros1/NMEA.msg[0m
[ 21%] [34m[1mGenerating C++ code from fixposition_driver_ros1/eoe.msg[0m
[ 22%] [34m[1mGenerating Javascript code from fixposition_driver_ros1/gnsscorr.msg[0m
[ 23%] [34m[1mGenerating Lisp code from fixposition_driver_ros1/imubias.msg[0m
[ 24%] [34m[1mGenerating EusLisp code from fixposition_driver_ros1/gnssant.msg[0m
[ 25%] [34m[1mGenerating Javascript code from fixposition_driver_ros1/imubias.msg[0m
[ 25%] [34m[1mGenerating EusLisp code from fixposition_driver_ros1/gnsscorr.msg[0m
[ 26%] [34m[1mGenerating Lisp code from fixposition_driver_ros1/llh.msg[0m
[ 27%] [34m[1mGenerating C++ code from fixposition_driver_ros1/gnssant.msg[0m
[ 28%] [34m[1mGenerating Python from MSG fixposition_driver_ros1/eoe[0m
[ 28%] [34m[1mGenerating C++ code from fixposition_driver_ros1/gnsscorr.msg[0m
[ 29%] [34m[1mGenerating Javascript code from fixposition_driver_ros1/llh.msg[0m
[ 29%] [34m[1mGenerating Lisp code from fixposition_driver_ros1/odomenu.msg[0m
[ 30%] [34m[1mGenerating EusLisp code from fixposition_driver_ros1/imubias.msg[0m
[ 31%] [34m[1mGenerating Lisp code from fixposition_driver_ros1/odomsh.msg[0m
[ 32%] [34m[1mGenerating Javascript code from fixposition_driver_ros1/odomenu.msg[0m
[ 32%] [34m[1mGenerating Lisp code from fixposition_driver_ros1/odometry.msg[0m
[ 34%] [34m[1mGenerating C++ code from fixposition_driver_ros1/imubias.msg[0m
[ 35%] [34m[1mGenerating EusLisp code from fixposition_driver_ros1/llh.msg[0m
[ 36%] [34m[1mGenerating Lisp code from fixposition_driver_ros1/odomstatus.msg[0m
[ 36%] [34m[1mGenerating Lisp code from fixposition_driver_ros1/text.msg[0m
[ 36%] [34m[1mGenerating Python from MSG fixposition_driver_ros1/gnssant[0m
[ 37%] [34m[1mGenerating Javascript code from fixposition_driver_ros1/odometry.msg[0m
[ 39%] [34m[1mGenerating Lisp code from fixposition_driver_ros1/tp.msg[0m
[ 39%] [34m[1mGenerating Javascript code from fixposition_driver_ros1/odomsh.msg[0m
[ 40%] [34m[1mGenerating EusLisp code from fixposition_driver_ros1/odomenu.msg[0m
[ 41%] [34m[1mGenerating Python from MSG fixposition_driver_ros1/gnsscorr[0m
[ 42%] [34m[1mGenerating C++ code from fixposition_driver_ros1/llh.msg[0m
[ 42%] [34m[1mGenerating Javascript code from fixposition_driver_ros1/odomstatus.msg[0m
[ 43%] [34m[1mGenerating Lisp code from fixposition_driver_ros1/gpgga.msg[0m
[ 43%] [34m[1mGenerating EusLisp code from fixposition_driver_ros1/odometry.msg[0m
[ 44%] [34m[1mGenerating C++ code from fixposition_driver_ros1/odomenu.msg[0m
[ 45%] [34m[1mGenerating Javascript code from fixposition_driver_ros1/text.msg[0m
[ 46%] [34m[1mGenerating Lisp code from fixposition_driver_ros1/gngsa.msg[0m
[ 47%] [34m[1mGenerating Lisp code from fixposition_driver_ros1/gpgll.msg[0m
[ 47%] [34m[1mGenerating EusLisp code from fixposition_driver_ros1/odomsh.msg[0m
[ 48%] [34m[1mGenerating Python from MSG fixposition_driver_ros1/imubias[0m
[ 50%] [34m[1mGenerating Javascript code from fixposition_driver_ros1/tp.msg[0m
[ 51%] [34m[1mGenerating Python from MSG fixposition_driver_ros1/llh[0m
[ 52%] [34m[1mGenerating EusLisp code from fixposition_driver_ros1/odomstatus.msg[0m
[ 53%] [34m[1mGenerating Lisp code from fixposition_driver_ros1/gpgst.msg[0m
[ 53%] [34m[1mGenerating C++ code from fixposition_driver_ros1/odometry.msg[0m
[ 54%] [34m[1mGenerating Javascript code from fixposition_driver_ros1/gpgga.msg[0m
[ 54%] [34m[1mGenerating EusLisp code from fixposition_driver_ros1/text.msg[0m
[ 55%] [34m[1mGenerating C++ code from fixposition_driver_ros1/odomsh.msg[0m
[ 55%] [34m[1mGenerating Lisp code from fixposition_driver_ros1/gxgsv.msg[0m
[ 55%] [34m[1mGenerating Python from MSG fixposition_driver_ros1/odomenu[0m
[ 55%] [34m[1mGenerating Javascript code from fixposition_driver_ros1/gpgll.msg[0m
[ 56%] [34m[1mGenerating Lisp code from fixposition_driver_ros1/gphdt.msg[0m
[ 57%] [34m[1mGenerating EusLisp code from fixposition_driver_ros1/tp.msg[0m
[ 58%] [34m[1mGenerating C++ code from fixposition_driver_ros1/odomstatus.msg[0m
[ 59%] [34m[1mGenerating EusLisp code from fixposition_driver_ros1/gpgga.msg[0m
[ 60%] [34m[1mGenerating Javascript code from fixposition_driver_ros1/gngsa.msg[0m
[ 61%] [34m[1mGenerating Lisp code from fixposition_driver_ros1/gprmc.msg[0m
[ 62%] [34m[1mGenerating Python from MSG fixposition_driver_ros1/odometry[0m
[ 63%] [34m[1mGenerating Javascript code from fixposition_driver_ros1/gpgst.msg[0m
[ 64%] [34m[1mGenerating Lisp code from fixposition_driver_ros1/gpvtg.msg[0m
[ 65%] [34m[1mGenerating EusLisp code from fixposition_driver_ros1/gpgll.msg[0m
[ 65%] [34m[1mGenerating Lisp code from fixposition_driver_ros1/gpzda.msg[0m
[ 65%] [34m[1mGenerating C++ code from fixposition_driver_ros1/text.msg[0m
[ 67%] [34m[1mGenerating C++ code from fixposition_driver_ros1/tp.msg[0m
[ 67%] [34m[1mGenerating Javascript code from fixposition_driver_ros1/gxgsv.msg[0m
[ 67%] [34m[1mGenerating EusLisp code from fixposition_driver_ros1/gngsa.msg[0m
[ 68%] [34m[1mGenerating Python from MSG fixposition_driver_ros1/odomsh[0m
[ 69%] [34m[1mGenerating C++ code from fixposition_driver_ros1/gpgga.msg[0m
[ 69%] [34m[1mGenerating Python from MSG fixposition_driver_ros1/odomstatus[0m
[ 70%] [34m[1mGenerating EusLisp code from fixposition_driver_ros1/gpgst.msg[0m
[ 71%] [34m[1mGenerating Javascript code from fixposition_driver_ros1/gphdt.msg[0m
[ 72%] [34m[1mGenerating C++ code from fixposition_driver_ros1/gpgll.msg[0m
[ 73%] [34m[1mGenerating Lisp code from fixposition_driver_ros1/CovWarn.msg[0m
[ 74%] [34m[1mGenerating Python from MSG fixposition_driver_ros1/text[0m
[ 75%] [34m[1mGenerating EusLisp code from fixposition_driver_ros1/gxgsv.msg[0m
[ 76%] [34m[1mGenerating Python from MSG fixposition_driver_ros1/tp[0m
[ 77%] [34m[1mGenerating Javascript code from fixposition_driver_ros1/gprmc.msg[0m
[ 77%] Built target fixposition_driver_ros1_generate_messages_lisp
[ 78%] [34m[1mGenerating Javascript code from fixposition_driver_ros1/gpvtg.msg[0m
[ 77%] [34m[1mGenerating EusLisp code from fixposition_driver_ros1/gphdt.msg[0m
[ 78%] [34m[1mGenerating C++ code from fixposition_driver_ros1/gngsa.msg[0m
[ 79%] [34m[1mGenerating EusLisp code from fixposition_driver_ros1/gprmc.msg[0m
[ 79%] [34m[1mGenerating Javascript code from fixposition_driver_ros1/gpzda.msg[0m
[ 80%] [34m[1mGenerating Javascript code from fixposition_driver_ros1/CovWarn.msg[0m
[ 81%] [34m[1mGenerating Python from MSG fixposition_driver_ros1/gpgga[0m
[ 82%] [34m[1mGenerating EusLisp code from fixposition_driver_ros1/gpvtg.msg[0m
[ 84%] [34m[1mGenerating EusLisp code from fixposition_driver_ros1/gpzda.msg[0m
[ 84%] Built target fixposition_driver_ros1_generate_messages_nodejs
[ 84%] [34m[1mGenerating EusLisp code from fixposition_driver_ros1/CovWarn.msg[0m
[ 85%] [34m[1mGenerating EusLisp manifest code for fixposition_driver_ros1[0m
[ 86%] [34m[1mGenerating C++ code from fixposition_driver_ros1/gpgst.msg[0m
[ 86%] [34m[1mGenerating Python from MSG fixposition_driver_ros1/gpgll[0m
[ 86%] [34m[1mGenerating C++ code from fixposition_driver_ros1/gphdt.msg[0m
[ 87%] [34m[1mGenerating C++ code from fixposition_driver_ros1/gxgsv.msg[0m
[ 88%] [34m[1mGenerating Python from MSG fixposition_driver_ros1/gngsa[0m
[ 89%] [34m[1mGenerating C++ code from fixposition_driver_ros1/gprmc.msg[0m
[ 90%] [34m[1mGenerating C++ code from fixposition_driver_ros1/gpvtg.msg[0m
[ 91%] [34m[1mGenerating C++ code from fixposition_driver_ros1/gpzda.msg[0m
[ 92%] [34m[1mGenerating Python from MSG fixposition_driver_ros1/gpgst[0m
[ 92%] [34m[1mGenerating C++ code from fixposition_driver_ros1/CovWarn.msg[0m
[ 92%] [34m[1mGenerating Python from MSG fixposition_driver_ros1/gxgsv[0m
[ 93%] [34m[1mGenerating Python from MSG fixposition_driver_ros1/gphdt[0m
[ 94%] [34m[1mGenerating Python from MSG fixposition_driver_ros1/gprmc[0m
[ 95%] [34m[1mGenerating Python from MSG fixposition_driver_ros1/gpvtg[0m
[ 95%] [34m[1mGenerating Python from MSG fixposition_driver_ros1/gpzda[0m
[ 95%] Built target fixposition_driver_ros1_generate_messages_cpp
[ 95%] Built target fixposition_driver_ros1_generate_messages_eus
[35m[1mScanning dependencies of target fixposition_driver_ros1[0m
[ 96%] [34m[1mGenerating Python from MSG fixposition_driver_ros1/CovWarn[0m
[ 96%] [32mBuilding CXX object CMakeFiles/fixposition_driver_ros1.dir/src/fixposition_driver_node.cpp.o[0m
[ 97%] [32mBuilding CXX object CMakeFiles/fixposition_driver_ros1.dir/src/params.cpp.o[0m
[ 98%] [32mBuilding CXX object CMakeFiles/fixposition_driver_ros1.dir/src/data_to_ros1.cpp.o[0m
[100%] [34m[1mGenerating Python msg __init__.py for fixposition_driver_ros1[0m
[100%] Built target fixposition_driver_ros1_generate_messages_py
[35m[1mScanning dependencies of target fixposition_driver_ros1_generate_messages[0m
[100%] Built target fixposition_driver_ros1_generate_messages
[100%] [32m[1mLinking CXX executable /home/liu/zt_data_get_ws/devel/.private/fixposition_driver_ros1/lib/fixposition_driver_ros1/fixposition_driver_ros1[0m
[100%] Built target fixposition_driver_ros1
